node   1  (   0,    0) (  13,    3) (  35,    4) (  33,    9) (  28,    8) (  67,   44) (  93,   74) (  95,   82) ( 100,   92) (  72,   91)
          (  65,   84) ( 109,   88) (  74,  101) (  88,   72) (  86,   80) (  97,   78) (  59,   67) ( 107,   72) (  90,   82) (  59,   85)
          ( 111,   79) (  82,   67) ( 101,   79) (  72,   65) ( 100,   95) (  34,   77) (  97,   72) ( 102,   82) (  90,   75) (  84,   65)
          (  56,   98) ( 113,   93) (  87,   80) (  79,   81) (  92,  108) (  95,   74) (  89,   82) (  60,   94) ( 119,   89) (  80,   79)
          (  97,   83) (  63,   83) (  82,   98) ( 114,   99) (  81,   77) (  71,   89) (  88,   80) (  74,   76) ( 105,   96) (  83,  100)
          (  76,   71) (  93,   96) (  64,   77) (  65,   81) (  97,   89) (  81,   75) (  70,   84) (  84,   89) (  46,   51) ( 106,   83)
          (  46,   72) (  94,   96) (  77,   60) (  72,   62) (  75,   70) ( 101,   88) (  68,   85) (  70,   87) (  80,   82) (  76,   78)
          (  67,   88) (  76,   65) (  69,   76) (  72,   66) (  97,   80) (  57,   78) (  73,   68) (  92,   81) (  73,   66) (  72,   74)
          (  87,   80) (  75,   73) (  72,   80) (  78,   68) (  97,   86) (  57,   76) ( 101,   76) (  66,   72) (  50,   62) ( 103,   63)
          (  61,   78) (  80,   79) (  54,   65) (  77,   72) (  96,   60) (  61,   77) (  56,   76) (  93,   63) (  67,   78) (  71,   76)
          (  60,   63) (  93,   95) (  76,   74) (  56,   61) ( 101,   74) (  40,   63) (  86,   54) (  61,   45) (  66,   63) (  74,   55)
          (  87,   73) (  52,   56) (  63,   51) (  72,   67) (  84,   63) (  74,   52) (  57,   64) (  69,   65) (  74,   52) (  68,   58)
          (  59,   61) (  67,   47) (  35,   45) (  99,   78) (  54,   73) (  51,   53) (  64,   61) (  79,   65) (  61,   60) (  42,   62)
          (  85,   57) (  46,   51) (  60,   65) (  66,   43) (  52,   61) (  54,   63) (  78,   67) (  62,   75) (  65,   42) (  61,   45)
          (  59,   69) (  72,   46) (  41,   65) (  69,   43) (  71,   64) (  49,   68) (  74,   60) (  31,   60) (  68,   70) (  59,   74)
          (  72,   58) (  56,   62) (  72,   61) (  51,   54) (  67,   74) (  37,   54) (  73,   67) (  54,   65) (  66,   66) (  65,   53)
          (  34,   51) (  77,   55) (  53,   56) (  64,   49) (  62,   53) (  57,   64) (  55,   55) (  78,   63) (  45,   74) (  60,   57)
          (  99,   68) (  51,   57) (  46,   70) (  56,   51) (  67,   68) (  55,   75) (  70,   73) (  57,   64) (  66,   69) (  63,   57)
          (  56,   61) (  73,   66) (  53,   69) (  42,   56) (  74,   75) (  69,   62) (  36,   61) (  47,   63) (  69,   66) (  72,   63)
          (  77,   60) (  38,   54) (  69,   72) (  70,   69) (  64,   55) (  59,   53) (  72,   59) (  54,   54) (  68,   70) (  47,   52)
          (  67,   66) (  60,   65) (  59,   44) (  77,   69) (  67,   74) (  70,   67) (  52,   70) (  67,   56) (  49,   54) (  57,   52)
          (  66,   59) (  68,   54) (  59,   48) (  60,   59) (  64,   57) (  44,   59) (  81,   63) (  48,   53) (  40,   65) (  64,   53)
          (  63,   54) (  57,   43) (  71,   57) (  59,   63) (  68,   62) (  67,   58) (  64,   50) (  76,   75) (  56,   55) (  50,   66)
          (  50,   56) (  78,   63) (  36,   47) (  62,   55) (  65,   63) (  57,   57) (  67,   67) (  61,   60) (  52,   59) (  68,   65)
          (  37,   58) (  66,   91) (  48,   57) (  93,   72) (  35,   50) (  54,   55) (  73,   63) (  60,   54) (  71,   62) (  34,   50)
          (  77,   57) (  48,   53) (  63,   63) (  63,   62) (  50,   59) (  80,   75) (  60,   57) (  51,   55) (  49,   64) (  68,   66)
          (  59,   62) (  64,   70) (  71,   70) (  70,   59) (  47,   42) (  61,   52) (  52,   62) (  86,   63) (  35,   57) (  73,   61)
          (  59,   41) (  46,   69) (  78,   64) (  65,   58) (  48,   67) (  53,   61) (  88,   52) (  40,   56) (  83,   65) (  46,   68)
          (  61,   58) (  60,   60) (  56,   72) (  42,   49) (  67,   80) (  55,   57) (  70,   62) (  55,   45) (  58,   73) (  65,   67)
          (  75,   78) (  58,   61) (  34,   53) (  45,   67) (  57,   56) (  54,   50) (  57,   41) (  66,   62) (  63,   55) (  51,   47)
          (  53,   62) (  86,   65) (  55,   63) (  86,   64) (  63,   77) (  75,   86) (  77,   62) (  40,   75) (  60,   77) (  67,   68)
          (  59,   62) (  88,   78) (  52,   92) (  64,   70) (  83,   81) (  63,   73) (  67,   70) (  77,   84) (  51,   61) (  56,   71)
          (  87,   64) (  56,   54) (  73,   69) (  49,   56) ( 100,   72) (  55,   66) (  90,   72) (  69,   64) (  73,   60) (  62,   57)
          (  53,   53) (  81,   62) (  79,   70) (  47,   71) (  73,   52) (  88,   80) (  55,   73) (  63,   73) (  66,   54) (  61,   82)
          (  76,   71) (  40,   75) (  99,   67) (  59,   74) (  63,   46) (  82,   90) (  56,   65) (  58,   66) (  76,   74) (  68,   82)
          (  66,   59) (  70,   65) (  58,   55) (  85,   78) ( 103,   63) (  82,   82) (  34,   58) (  90,   68) (  49,   70) (  79,   78)
          (  65,   62) (  68,   79) (  76,   81) (  71,   70) (  40,   55) (  90,   84) (  76,   62) (  51,   60) (  70,   63) (  68,   65)
          (  74,   66) (  49,   64) (  86,   56) (  56,   77) (  74,   66) (  40,   69) (  96,   69) (  39,   51) (  64,   64) (  64,   69)
          (  81,   67) (  63,   52) (  75,   70) (  74,   70) (  69,   75) (  44,   55) (  61,   76) (  93,   70) (  72,   81) (  68,   60)
          (  59,   73) (  83,   71) (  69,   49) (  81,   63) (  63,   65) (  70,   79) (  50,   64) (  68,   60) (  68,   68) (  51,   42)
          (  78,   81) (  67,   57) (  85,   63) (  49,   52) (  70,   79) (  49,   69) (  73,   76) (  92,   63) (  55,   61) (  71,   65)
          (  70,   60) (  68,   70) (  64,   49) (  78,   81) (  63,   71) (  59,   63) (  68,   60) (  72,   72) (  55,   64) (  91,   73)
          (  77,   86) (  66,   57) (  58,   56) (  62,   78) (  50,   74) (  82,   69) (  67,   75) (  75,   57) (  63,   59) (  73,   74)
          (  74,   68) (  57,   71) (  75,   76) (  67,   82) (  84,   83) (  48,   79) (  71,   82) (  73,   80) (  71,   72) (  59,   72)
          (  69,   56) (  58,   66) (  87,   57) (  44,   68) (  68,   61) (  96,   66) (  54,   66) (  84,   61) (  53,   84) (  71,   61)
          (  58,   45) (  69,   57) (  80,   55) (  67,   77) (  48,   54) (  89,   61) (  63,   67) (  69,   68) (  81,   62) (  49,   67)
          (  99,   68) (  53,   65) (  68,   73) (  72,   71) (  63,   66) (  58,   69) (  82,   64) (  72,   75) (  56,   64) (  85,   72)
          (  62,   69) (  64,   67) (  91,   72) (  69,   61) (  84,   77) (  48,   72) (  57,   58) (  88,   68) (  57,   68) (  83,   71)
          (  62,   76) (  75,   61) (  45,   70) (  80,   69) (  70,   70) (  50,   56) (  90,   81) (  78,   80) (  52,   70) (  95,   78)
          (  49,   53) (  75,   66) (  62,   80) (  89,   67) (  46,   58) (  71,   70) (  61,   74) (  82,   70) (  63,   74) (  50,   78)
          (  77,   54) (  76,   66) (  80,   72) (  65,   66) (  64,   64) (  60,   76) (  86,   62) (  71,   71) (  60,   64) (  46,   72)
          (  91,   63) (  55,   72) (  64,   71) (  83,   67) (  75,   63) (  50,   60) (  64,   61) (  73,   72) (  58,   61) (  76,   71)
          (  73,   77) (  73,   59) (  68,   82) (  62,   63) (  62,   79) (  61,   60) (  59,   70) (  78,   72) (  72,   72) (  74,   74)
          (  68,   68) (  48,   64) (  92,   64) (  92,   68) (  33,   55) (  79,   70) (  62,   59) (  89,   73) (  72,   67) (  80,   78)
          (  48,   54) (  73,   62) (  51,   71) (  71,   64) (  81,   78) (  70,   73) (  54,   64) (  87,   70) (  32,   71) (  87,   70)
          (  91,   71) (  64,   73) (  63,   67) (  58,   69) (  90,   68) (  68,   78) (  59,   73) (  48,   56) (  78,   59) (  70,   69)
          (  83,   87) (  38,   61) (  67,   75) (  65,   63) (  66,   60) (  78,   80) (  57,   70) (  49,   68) (  84,   77) (  58,   61)
          (  75,   72) (  85,   77) (  58,   75) (  69,   70) (  80,   75) (  39,   61) (  69,   74) (  68,   62) (  80,   65) (  40,   53)
          (  96,   57) (  59,   80) (  56,   59) (  92,   85) (  59,   61) (  82,   77) (  55,   55) ( 102,   76) (  37,   74) (  88,   66)
          (  62,   78) (  79,   62) (  55,   51) (  70,   79) (  73,   61) (  81,   66) (  79,   84) (  50,   58) (  95,   76) (  73,   53)
          (  57,   76) (  73,   89) (  65,   61) (  69,   63) (  67,   62) (  47,   65) (  71,   73) (  76,   61) (  72,   63) (  76,   81)
          (  62,   74) (  53,   90) (  55,   76) (  93,   77) (  49,   75) (  59,   64) (  76,   61) (  56,   77) (  75,   64) (  47,   74)
          (  92,   60) (  78,   82) (  73,   60) (  64,   63) (  73,   87) (  73,   67) (  60,   77) (  75,   85) (  52,   67) (  67,   68)
          (  63,   58) (  62,   78) (  65,   54) (  77,   74) (  69,   71) (  57,   70) (  83,   67) (  55,   82) (  71,   68) (  63,   63)
          (  62,   55) (  70,   62) (  71,   57) (  68,   64) (  79,   77) (  65,   69) (  67,   73) (  58,   80) (  79,   70) (  36,   62)
          (  69,   69) (  76,   76) (  71,   80) (  77,   72) (  54,   61) (  72,   71) (  79,   72) (  51,   68) (  58,   51) (  76,   60)
          (  49,   70) (  85,   79) (  65,   74) (  67,   61) (  87,   65) (  36,   52) (  98,   81) (  33,   65) (  86,   70) (  93,   75)
          (  47,   61) (  66,   58) (  63,   71) (  93,   64) (  55,   70) (  59,   60) (  72,   75) (  64,   74) (  64,   69) (  68,   78)
          (  69,   78) (  30,   53) ( 110,   72) (  50,   75) (  78,   51) (  39,   61) (  85,   77) (  66,   73) (  59,   65) (  50,   81)
          (  88,   73) (  49,   65) (  82,   58) (  56,   59) (  99,   69) (  36,   58) (  80,   69) (  46,   65) (  78,   72) (  78,   63)
         
node   1 sent_total  47211  recv_total  46883

node   2  (   1,    0) (   0,    0) (   9,    6) (   4,    2) (  26,    6) (  69,   19) (  87,   57) (  91,   94) (  69,   76) (  83,   81)
          ( 103,   88) (  75,   87) (  83,   86) (  91,   89) ( 113,   71) (  76,   86) (  90,   83) (  79,   78) (  43,   75) ( 108,   96)
          (  71,   79) (  77,   96) (  81,   87) (  90,   88) (  83,   77) (  79,   79) ( 110,  101) (  90,   80) (  75,   77) (  71,   85)
          (  88,   97) ( 100,   84) (  77,   92) ( 105,   92) (  82,   82) (  78,   96) (  92,   74) ( 110,   84) (  65,   63) (  80,  102)
          (  71,   81) ( 101,   89) (  80,   83) (  74,   85) (  92,   87) (  82,   75) (  71,   85) ( 110,   92) (  81,   97) (  51,   96)
          ( 123,   98) (  54,   87) (  69,   86) (  55,   57) (  92,   77) (  69,   79) (  62,   96) (  82,   84) (  90,   74) (  77,   73)
          (  87,   90) (  68,   86) (  83,   80) (  66,   64) (  80,   74) (  86,   91) (  55,   70) (  75,   91) (  90,   82) (  58,   61)
          (  77,   76) (  93,   64) (  56,   79) (  90,   86) (  64,   67) (  69,   84) (  96,   89) (  51,   68) (  88,   74) (  79,   90)
          (  63,   88) ( 103,   67) (  74,   87) (  80,   77) (  76,   71) (  66,   84) ( 100,   85) (  58,   89) ( 102,   72) (  67,   75)
          (  65,   79) (  57,   81) (  75,   72) (  65,   95) (  65,   79) (  79,   83) (  94,   81) (  72,   58) (  75,   83) (  68,   77)
          (  93,   78) (   0,    0) (   0,    0) (   0,    0) (   0,    0) (   0,    0) (   0,    0) (   0,    0) (   0,    0) (   0,    0)
          (   0,    0) (   0,    0) (   0,    0) (   0,    0) (   0,    0) (   0,    0) (   0,    0) (   0,    0) (   0,    0) (   0,    0)
          (   0,    0) (   0,    0) (   0,    0) (   0,    0) (   0,    0) (   0,    0) (   0,    0) (   0,    0) (   0,    0) (   0,    0)
          (   0,    0) (   0,    0) (   0,    0) (   0,    0) (   0,    0) (   0,    0) (   0,    0) (   0,    0) (   0,    0) (   0,    0)
          (   0,    0) (   0,    0) (   0,    0) (   0,    0) (   0,    0) (   0,    0) (   0,    0) (   0,    0) (   0,    0) (   0,    0)
          (   0,    0) (   0,    0) (   0,    0) (   0,    0) (   0,    0) (   0,    0) (   0,    0) (   0,    0) (   0,    0) (   0,    0)
          (   0,    0) (   0,    0) (   0,    0) (   0,    0) (   0,    0) (   0,    0) (   0,    0) (   0,    0) (   0,    0) (   0,    0)
          (   0,    0) (   0,    0) (   0,    0) (   0,    0) (   0,    0) (   0,    0) (   0,    0) (   0,    0) (   0,    0) (   0,    0)
          (   0,    0) (   0,    0) (   0,    0) (   0,    0) (   0,    0) (   0,    0) (   0,    0) (   0,    0) (   0,    0) (   0,    0)
          (   0,    0) (   0,    0) (   0,    0) (   0,    0) (   0,    0) (   0,    0) (   0,    0) (   0,    0) (   0,    0) (   0,    0)
          (   0,    0) (   0,    0) (   0,    0) (   0,    0) (   0,    0) (   0,    0) (   0,    0) (   0,    0) (   0,    0) (   0,    0)
          (   0,    0) (   0,    0) (   0,    0) (   0,    0) (   0,    0) (   0,    0) (   0,    0) (   0,    0) (   0,    0) (   0,    0)
          (   0,    0) (   0,    0) (   0,    0) (   0,    0) (   0,    0) (   0,    0) (   0,    0) (   0,    0) (   0,    0) (   0,    0)
          (   0,    0) (   0,    0) (   0,    0) (   0,    0) (   0,    0) (   0,    0) (   0,    0) (   0,    0) (   0,    0) (   0,    0)
          (   0,    0) (   0,    0) (   0,    0) (   0,    0) (   0,    0) (   0,    0) (   0,    0) (   0,    0) (   0,    0) (   0,    0)
          (   0,    0) (   0,    0) (   0,    0) (   0,    0) (   0,    0) (   0,    0) (   0,    0) (   0,    0) (   0,    0) (   0,    0)
          (   0,    0) (   0,    0) (   0,    0) (   0,    0) (   0,    0) (   0,    0) (   0,    0) (   0,    0) (   0,    0) (   0,    0)
          (   0,    0) (   0,    0) (   0,    0) (   0,    0) (   0,    0) (   0,    0) (   0,    0) (   0,    0) (   0,    0) (   0,    0)
          (   0,    0) (   0,    0) (   0,    0) (   0,    0) (   0,    0) (   0,    0) (   0,    0) (   0,    0) (   0,    0) (   0,    0)
          (   0,    0) (   0,    0) (   0,    0) (   0,    0) (   0,    0) (   0,    0) (   0,    0) (   0,    0) (   0,    0) (   0,    0)
          (   0,    0) (   0,    0) (   0,    0) (   0,    0) (   0,    0) (   0,    0) (   0,    0) (   0,    0) (   0,    0) (   0,    0)
          (   0,    0) (   0,    0) (   0,    0) (   0,    0) (   0,    0) (   0,    0) (   0,    0) (   0,    0) (   0,    0) (   0,    0)
          (   0,    0) (   0,    0) (   0,    0) (   0,    0) (   0,    0) (   0,    0) (   0,    0) (   0,    0) (   0,    0) (   0,    0)
          (   0,    0) (   0,    0) (   0,    0) (   0,    0) (   0,    0) (   0,    0) (   0,    0) (   0,    0) (   0,    0) (   0,    0)
          (   0,    0) (   0,    0) (   0,    0) (   0,    0) (   0,    0) (   0,    0) (   0,    0) (   0,    0) (   0,    0) (   0,    0)
          (   0,    0) (   0,    0) (   0,    0) (   0,    0) (   0,    0) (   0,    0) (   0,    0) (   0,    0) (   0,    0) (   0,    0)
          (   0,    0) (   0,    0) (   0,    0) (   0,    0) (   0,    0) (   0,    0) (   0,    0) (   0,    0) (   0,    0) (   0,    0)
          (   0,    0) (   0,    0) (   0,    0) (   0,    0) (   0,    0) (   0,    0) (   0,    0) (   0,    0) (   0,    0) (   0,    0)
          (   0,    0) (   0,    0) (   0,    0) (   0,    0) (   0,    0) (   0,    0) (   0,    0) (   0,    0) (   0,    0) (   0,    0)
          (   0,    0) (   0,    0) (   0,    0) (   0,    0) (   0,    0) (   0,    0) (   0,    0) (   0,    0) (   0,    0) (   0,    0)
          (   0,    0) (   0,    0) (   0,    0) (   0,    0) (   0,    0) (   0,    0) (   0,    0) (   0,    0) (   0,    0) (   0,    0)
          (   0,    0) (   0,    0) (   0,    0) (   0,    0) (   0,    0) (   0,    0) (   0,    0) (   0,    0) (   0,    0) (   0,    0)
          (   0,    0) (   0,    0) (   0,    0) (   0,    0) (   0,    0) (   0,    0) (   0,    0) (   0,    0) (   0,    0) (   0,    0)
          (   0,    0) (   0,    0) (   0,    0) (   0,    0) (   0,    0) (   0,    0) (   0,    0) (   0,    0) (   0,    0) (   0,    0)
          (   0,    0) (   0,    0) (   0,    0) (   0,    0) (   0,    0) (   0,    0) (   0,    0) (   0,    0) (   0,    0) (   0,    0)
          (   0,    0) (   0,    0) (   0,    0) (   0,    0) (   0,    0) (   0,    0) (   0,    0) (   0,    0) (   0,    0) (   0,    0)
          (   0,    0) (   0,    0) (   0,    0) (   0,    0) (   0,    0) (   0,    0) (   0,    0) (   0,    0) (   0,    0) (   0,    0)
          (   0,    0) (   0,    0) (   0,    0) (   0,    0) (   0,    0) (   0,    0) (   0,    0) (   0,    0) (   0,    0) (   0,    0)
          (   0,    0) (   0,    0) (   0,    0) (   0,    0) (   0,    0) (   0,    0) (   0,    0) (   0,    0) (   0,    0) (   0,    0)
          (   0,    0) (   0,    0) (   0,    0) (   0,    0) (   0,    0) (   0,    0) (   0,    0) (   0,    0) (   0,    0) (   0,    0)
          (   0,    0) (   0,    0) (   0,    0) (   0,    0) (   0,    0) (   0,    0) (   0,    0) (   0,    0) (   0,    0) (   0,    0)
          (   0,    0) (   0,    0) (   0,    0) (   0,    0) (   0,    0) (   0,    0) (   0,    0) (   0,    0) (   0,    0) (   0,    0)
          (   0,    0) (   0,    0) (   0,    0) (   0,    0) (   0,    0) (   0,    0) (   0,    0) (   0,    0) (   0,    0) (   0,    0)
          (   0,    0) (   0,    0) (   0,    0) (   0,    0) (   0,    0) (   0,    0) (   0,    0) (   0,    0) (   0,    0) (   0,    0)
          (   0,    0) (   0,    0) (   0,    0) (   0,    0) (   0,    0) (   0,    0) (   0,    0) (   0,    0) (   0,    0) (   0,    0)
          (   0,    0) (   0,    0) (   0,    0) (   0,    0) (   0,    0) (   0,    0) (   0,    0) (   0,    0) (   0,    0) (   0,    0)
          (   0,    0) (   0,    0) (   0,    0) (   0,    0) (   0,    0) (   0,    0) (   0,    0) (   0,    0) (   0,    0) (   0,    0)
          (   0,    0) (   0,    0) (   0,    0) (   0,    0) (   0,    0) (   0,    0) (   0,    0) (   0,    0) (   0,    0) (   0,    0)
          (   0,    0) (   0,    0) (   0,    0) (   0,    0) (   0,    0) (   0,    0) (   0,    0) (   0,    0) (   0,    0) (   0,    0)
          (   0,    0) (   0,    0) (   0,    0) (   0,    0) (   0,    0) (   0,    0) (   0,    0) (   0,    0) (   0,    0) (   0,    0)
          (   0,    0) (   0,    0) (   0,    0) (   0,    0) (   0,    0) (   0,    0) (   0,    0) (   0,    0) (   0,    0) (   0,    0)
          (   0,    0) (   0,    0) (   0,    0) (   0,    0) (   0,    0) (   0,    0) (   0,    0) (   0,    0) (   0,    0) (   0,    0)
          (   0,    0) (   0,    0) (   0,    0) (   0,    0) (   0,    0) (   0,    0) (   0,    0) (   0,    0) (   0,    0) (   0,    0)
          (   0,    0) (   0,    0) (   0,    0) (   0,    0) (   0,    0) (   0,    0) (   0,    0) (   0,    0) (   0,    0) (   0,    0)
          (   0,    0) (   0,    0) (   0,    0) (   0,    0) (   0,    0) (   0,    0) (   0,    0) (   0,    0) (   0,    0) (   0,    0)
          (   0,    0) (   0,    0) (   0,    0) (   0,    0) (   0,    0) (   0,    0) (   0,    0) (   0,    0) (   0,    0) (   0,    0)
          (   0,    0) (   0,    0) (   0,    0) (   0,    0) (   0,    0) (   0,    0) (   0,    0) (   0,    0) (   0,    0) (   0,    0)
          (   0,    0) (   0,    0) (   0,    0) (   0,    0) (   0,    0) (   0,    0) (   0,    0) (   0,    0) (   0,    0) (   0,    0)
          (   0,    0) (   0,    0) (   0,    0) (   0,    0) (   0,    0) (   0,    0) (   0,    0) (   0,    0) (   0,    0) (   0,    0)
          (   0,    0) (   0,    0) (   0,    0) (   0,    0) (   0,    0) (   0,    0) (   0,    0) (   0,    0) (   0,    0) (   0,    0)
         
node   2 sent_total   7698  recv_total   7803

node   3  (   1,    0) (   0,    0) (   8,    5) (  24,   10) (  27,    5) (  36,   35) ( 107,   76) (  80,   84) ( 112,   73) (  83,   92)
          (  74,   89) (  86,   83) (  84,   70) ( 108,   79) (  79,   88) (  44,   78) ( 127,  104) (  77,   75) ( 101,   92) (  81,   85)
          (  87,   84) (  74,   79) (  93,   90) (  95,  102) (  90,   84) ( 102,   98) (  71,   79) (  67,   93) (  87,   76) (  73,   92)
          ( 104,   92) (  68,   80) ( 108,  101) (  79,   77) ( 103,   91) ( 111,   90) (  78,   92) (  73,   82) (  83,   88) (  91,   90)
          (  56,   83) ( 111,   90) (  78,   94) (  78,   76) ( 103,   96) (  71,   68) ( 114,   81) (  81,   86) (  61,   79) (  87,   81)
          (  94,   83) (  56,   81) ( 108,   84) (  61,   69) (  56,   67) (  88,   71) (  86,   59) ( 106,   95) (  55,   68) (  83,   69)
          (  89,   78) (  63,   71) (  75,   64) (  72,   74) (  82,   90) (  68,   82) (  63,   74) (  77,   89) (  95,   86) (  57,   67)
          (  87,   96) (  72,   73) (  87,   85) (  66,   84) (  51,   75) (  97,   85) (  84,   81) (  81,   76) (  65,   86) (  83,   86)
          (  63,   69) ( 106,   82) (  75,  102) (  42,   89) ( 106,   70) (  83,   84) (  66,   87) (  83,   88) (  50,   69) (  73,   74)
          ( 106,   98) (  67,   73) (  76,   86) (  89,   85) (  82,   86) (  68,   69) (  75,   79) (  56,   74) (  55,   77) (  96,   70)
          (  72,   62) (  47,   79) ( 113,   60) (  59,   42) (  73,   63) (  83,   70) (  54,   51) (  93,   59) (  60,   54) (  76,   61)
          (  42,   58) (  75,   57) (  70,   49) (  59,   61) (  77,   75) (  68,   78) (  56,   65) (  66,   73) (  73,   65) (  83,   64)
          (  62,   69) (  61,   62) (  82,   67) (  62,   65) (  53,   65) (  51,   54) (  63,   60) (  57,   64) (  65,   72) (  69,   78)
          (  53,   55) (  75,   68) (  35,   53) (  50,   78) (  52,   61) (  52,   50) (  80,   56) (  42,   63) (  48,   54) (  74,   67)
          (  70,   61) (  64,   72) (  52,   64) (  68,   64) (  59,   56) (  54,   56) (  53,   48) (  73,   49) (  70,   53) (  46,   58)
          (  45,   60) (  99,   73) (  61,   66) (  35,   62) (  64,   50) (  54,   59) (  51,   43) (  81,   83) (  51,   60) (  58,   61)
          (  68,   64) (  27,   45) (  76,   78) (  61,   54) (  61,   69) (  55,   59) (  64,   56) (  75,   47) (  45,   60) (  74,   50)
          (  49,   62) (  53,   59) (  59,   61) (  66,   45) (  63,   68) (  63,   73) (  47,   41) (  59,   57) (  55,   73) (  69,   59)
          (  67,   62) (  34,   57) (  85,   80) (  53,   55) (  45,   69) (  78,   59) (  48,   51) (  64,   64) (  63,   58) (  58,   60)
          (  61,   60) (  47,   46) (  61,   63) (  67,   66) (  34,   56) (  73,   63) (  61,   52) (  39,   57) (  61,   45) (  73,   61)
          (  61,   55) (  60,   63) (  34,   61) (  56,   63) (  90,   63) (  60,   55) (  56,   68) (  51,   62) (  65,   52) (  82,   71)
          (  49,   66) (  57,   69) (  72,   61) (  59,   57) (  67,   61) (  50,   75) (  64,   58) (  60,   67) (  59,   63) (  47,   63)
          (  74,   56) (  39,   67) (  62,   56) (  71,   77) (  47,   46) (  48,   55) (  81,   72) (  61,   68) (  73,   84) (  41,   70)
          (  66,   63) (  34,   57) (  73,   61) (  60,   64) (  59,   53) (  58,   57) (  65,   55) (  57,   62) (  55,   59) (  42,   53)
          (  53,   55) (  43,   61) (  70,   67) (  52,   44) (  56,   71) (  68,   62) (  45,   53) (  44,   57) (  61,   56) (  91,   69)
          (  37,   44) (  64,   67) (  68,   70) (  64,   55) (  60,   62) (  50,   57) (  58,   61) (  76,   52) (  48,   65) (  66,   64)
          (  59,   72) (  45,   55) (  70,   47) (  53,   61) (  68,   61) (  76,   56) (  53,   63) (  63,   52) (  71,   67) (  57,   72)
          (  55,   61) (  67,   75) (  44,   62) (  67,   60) (  59,   56) (  73,   74) (  64,   53) (  60,   59) (  40,   53) (  66,   48)
          (  60,   68) (  68,   71) (  38,   65) (  67,   38) (  67,   59) (  79,   68) (  52,   64) (  42,   56) (  69,   62) (  53,   51)
          (  69,   52) (  43,   57) (  82,   66) (  40,   53) (  64,   60) (  67,   74) (  39,   56) (  73,   57) (  68,   51) (  65,   59)
          (  46,   63) (  85,   63) (  36,   53) (  81,   81) (  70,   79) (  55,   71) (  47,   50) (  79,   75) (  63,   53) (  48,   54)
          (  84,   58) (  72,   72) (  49,   74) (  68,   71) (  73,   69) (  53,   69) (  56,   66) (  75,   59) (  76,   73) (  53,   62)
          (  61,   52) (  61,   69) (  49,   45) (  71,   65) (  69,   67) (  67,   83) (  51,   67) (  76,   89) (  78,   69) (  40,   73)
          (  81,   72) (  56,   83) (  61,   64) (  60,   62) (  67,   69) (  53,   61) (  62,   61) (  79,   69) (  56,   71) (  85,   72)
          (  62,   57) (  61,   69) (  63,   57) (  92,   86) (  50,   48) (  83,   85) (  75,   66) (  51,   53) (  87,   69) (  40,   73)
          (  72,   58) (  91,   70) (  57,   79) (  82,   81) (  38,   66) (  87,   80) (  66,   83) (  70,   70) (  70,   64) (  77,   65)
          (  56,   65) (  61,   79) (  63,   71) (  75,   72) (  73,   69) (  56,   61) (  87,   77) (  66,   58) (  53,   74) (  68,   70)
          (  53,   79) (  54,   58) (  80,   73) (  63,   63) (  87,   66) (  65,   66) (  71,   75) (  46,   55) (  79,   85) (  53,   53)
          (  83,   83) (  60,   51) (  76,   73) (  76,   82) (  74,   71) (  56,   67) (  84,   80) (  68,   72) (  74,   73) (  64,   68)
          (  73,   64) (  63,   69) (  64,   50) (  82,   82) (  53,   72) (  67,   71) (  53,   61) (  69,   69) (  51,   60) (  95,   76)
          (  49,   61) (  79,   62) (  52,   69) (  73,   52) (  73,   76) (  73,   62) (  64,   87) (  58,   74) (  90,   73) (  39,   59)
          (  73,   76) (  63,   55) (  81,   54) (  59,   57) (  91,   63) (  71,   74) (  55,   59) (  65,   56) (  69,   62) (  59,   61)
          (  67,   70) (  84,   67) (  62,   67) (  66,   72) (  81,   57) (  67,   65) (  64,   61) (  49,   62) (  78,   79) (  66,   62)
          (  75,   72) (  67,   55) (  67,   79) (  56,   77) (  92,   61) (  92,   71) (  69,   63) (  64,   75) (  30,   61) (  87,   85)
          (  70,   58) (  66,   83) (  62,   72) (  67,   79) (  79,   72) (  47,   75) (  53,   62) (  83,   66) (  87,   69) (  59,   66)
          (  49,   50) (  83,   79) (  64,   80) (  67,   61) (  37,   54) (  90,   81) (  56,   69) (  45,   71) (  73,   79) (  69,   72)
          (  76,   51) (  62,   83) (  85,   74) (  50,   76) (  48,   78) (  66,   55) (  79,   67) (  47,   58) (  87,   65) (  52,   67)
          (  39,   66) (  93,   72) (  48,   60) (  92,   63) (  65,   63) (  69,   76) (  52,   67) (  70,   85) (  62,   64) (  53,   71)
          (  69,   59) (  69,   60) (  50,   80) (  90,   66) (  45,   73) (  81,   71) (  57,   69) (  66,   56) (  98,   81) (  32,   73)
          (  81,   70) (  74,   61) (  64,   85) (  73,   68) (  81,   57) (  55,   71) (  66,   66) (  76,   64) (  80,   69) (  47,   49)
          (  73,   87) (  72,   70) (  50,   67) (  66,   58) (  74,   55) (  67,   67) (  69,   67) (  38,   59) (  81,   75) (  71,   58)
          (  72,   53) (  65,   79) (  65,   66) (  73,   56) (  64,   62) (  72,   62) (  60,   69) (  61,   62) (  77,   70) (  46,   62)
          (  88,   70) (  66,   66) (  58,   82) (  79,   50) (  77,   65) (  71,   68) (  39,   55) ( 107,   80) (  57,   80) (  59,   62)
          (  80,   68) (  48,   57) (  70,   71) (  45,   80) ( 101,   58) (  66,   51) (  84,   76) (  57,   57) (  73,   69) (  63,   77)
          (  80,   63) (  40,   65) (  87,   72) (  58,   53) (  85,   78) (  72,   70) (  72,   58) (  47,   58) (  71,   81) (  64,   66)
          (  50,   79) (  82,   68) (  67,   79) (  59,   66) (  59,   69) (  83,   68) (  40,   57) (  81,   79) (  68,   61) (  77,   52)
          (  63,   77) (  73,   71) (  33,   42) (  83,   80) (  49,   68) (  71,   75) (  53,   60) (  86,   75) (  69,   70) (  85,   66)
          (  69,   64) (  55,   51) (  82,   82) (  56,   69) (  56,   59) (  63,   69) (  65,   60) (  79,   68) (  65,   62) (  62,   58)
          (  90,   65) (  50,   70) (  70,   77) (  64,   67) (  90,   71) (  32,   63) (  79,   61) (  69,   61) (  74,   78) (  52,   72)
          (  54,   76) (  51,   57) (  95,   77) (  64,   62) (  67,   77) (  52,   77) (  78,   84) (  73,   68) (  47,   70) (  49,   79)
          (  88,   69) (  67,   70) (  69,   71) (  60,   66) (  86,   66) (  55,   54) (  83,   67) (  62,   81) (  74,   68) (  66,   84)
          (  61,   63) (  58,   64) (  80,   60) (  78,   88) (  59,   71) (  64,   59) (  67,   61) (  63,   54) (  79,   58) (  62,   79)
          (  68,   68) (  72,   73) (  58,   70) (  65,   76) (  84,   64) (  80,   74) (  68,   66) (  52,   73) (  85,   77) (  48,   58)
          (  70,   73) (  57,   81) (  76,   67) (  75,   69) (  89,   86) (  51,   65) (  75,   65) (  69,   69) (  62,   68) (  65,   72)
          (  72,   73) (  55,   68) (  73,   71) (  57,   59) (  59,   68) (  72,   68) (  83,   73) (  64,   71) (  82,   56) (  40,   63)
          (  73,   59) (  60,   77) (  78,   65) (  61,   72) (  61,   60) (  74,   70) (  73,   69) (  68,   59) (  58,   71) (  64,   51)
          (  86,   65) (  61,   76) (  70,   74) (  65,   67) (  61,   76) (  88,   73) (  46,   63) (  66,   56) (  98,   56) (  74,   62)
          (  63,   66) (  73,   65) (  23,   69) ( 112,   72) (  66,   68) (  76,   67) (  76,   62) (  57,   70) (  56,   71) (  54,   67)
          (  67,   86) (  96,   78) (  64,   56) (  72,   84) (  68,   55) (  66,   59) (  62,   66) (  71,   77) (  76,   53) (  34,   74)
          (  86,   58) (  66,   81) (  74,   57) (  83,   79) (  38,   69) (  69,   80) (  82,   66) (  47,   61) (  81,   62) (  37,   56)
         
node   3 sent_total  46592  recv_total  47017

node   4  (   1,    0) (   0,    0) (   2,    2) (  30,   20) (  38,    9) (  69,   35) (  89,   68) (  36,   79) ( 127,   97) (  80,   75)
          (  86,   81) (  98,   83) (  83,   94) (  80,   73) (  90,   87) (  59,   77) (  91,   89) (  54,   78) ( 122,   96) (  92,   82)
          (  72,   77) ( 106,   91) (  55,   63) ( 107,   85) (  67,   80) (  95,   84) (  81,   76) (  83,   88) (  80,   79) (  97,   79)
          (  87,   95) (  70,   75) ( 101,  103) (  92,   83) (  83,   91) ( 106,   88) (  93,   91) (  78,   69) (  90,  100) (  70,   96)
          (  90,   98) (  89,   74) (  87,   99) (  94,   85) (  70,   92) (  59,   83) (  92,   76) (  80,   94) ( 102,   86) (  77,   77)
          (  62,   69) (  75,   89) (  90,   63) (  74,   71) (  92,   80) (  68,   72) ( 108,   74) (  54,   75) (  74,   74) (  77,   66)
          (  82,   88) (  81,   63) (  67,   74) (  86,   93) (  84,   67) (  65,   75) (  94,   90) (  88,   80) (  43,   65) ( 105,   89)
          (  60,   78) (  83,   66) (  73,   92) (  68,   62) (  93,   63) (  70,   76) (  89,   90) (  57,   72) ( 107,   92) (  59,   61)
          (  75,   89) (  67,   65) (  88,   83) ( 105,   88) (  62,   71) (  92,   79) (  34,   78) ( 102,   98) (  55,   54) (  80,   69)
          ( 101,   81) (  71,   64) (  83,   86) (  81,   80) (  55,   76) (  67,   65) (  63,   66) (  86,   81) (  84,   84) (  73,   75)
          (  85,   79) (  74,   89) (  68,   78) (  65,   45) (  90,   71) (  46,   64) (  65,   59) (  72,   58) (  76,   66) (  63,   47)
          (  64,   57) (  70,   46) (  84,   44) (  48,   52) (  93,   72) (  82,   70) (  68,   74) (  65,   53) (  62,   48) (  81,   63)
          (  67,   61) (  75,   79) (  86,   46) (  53,   54) (  83,   67) (  31,   43) (  68,   62) (  73,   54) (  34,   49) (  76,   67)
          (  53,   52) (  53,   55) (  68,   58) (  51,   59) (  46,   64) (  52,   53) (  88,   78) (  48,   56) (  73,   64) (  34,   71)
          (  73,   60) (  60,   58) (  60,   50) (  50,   71) (  65,   56) (  52,   64) (  67,   54) (  68,   80) (  40,   60) (  61,   59)
          (  68,   62) (  56,   60) (  52,   63) (  67,   59) (  40,   57) (  60,   66) (  77,   47) (  52,   61) (  42,   60) (  68,   62)
          (  51,   57) (  94,   63) (  49,   65) (  67,   59) (  44,   49) (  73,   66) (  83,   61) (  53,   45) (  66,   72) (  52,   67)
          (  86,   64) (  38,   64) (  55,   67) (  76,   53) (  70,   68) (  47,   52) (  76,   62) (  58,   56) (  66,   79) (  61,   60)
          (  82,   70) (  49,   54) (  48,   59) (  74,   51) (  67,   45) (  76,   44) (  51,   57) (  56,   62) (  52,   55) (  72,   58)
          (  69,   52) (  42,   65) (  56,   65) (  78,   64) (  29,   60) (  75,   65) (  66,   61) (  60,   55) (  56,   58) (  78,   66)
          (  61,   57) (  33,   63) (  82,   67) (  68,   65) (  62,   64) (  40,   74) (  47,   57) (  77,   65) (  87,   57) (  53,   69)
          (  56,   62) (  56,   64) (  66,   66) (  59,   56) (  64,   62) (  50,   56) (  57,   54) (  66,   60) (  54,   55) (  80,   62)
          (  40,   60) (  71,   50) (  75,   61) (  36,   51) (  49,   63) (  72,   48) (  65,   58) (  60,   71) (  29,   42) (  78,   67)
          (  85,   62) (  42,   76) (  59,   62) (  64,   82) (  73,   54) (  52,   65) (  50,   69) (  55,   74) (  68,   62) (  67,   56)
          (  76,   69) (  39,   63) (  55,   53) (  69,   69) (  68,   72) (  52,   56) (  78,   59) (  43,   64) (  73,   73) (  41,   63)
          (  62,   49) (  76,   59) (  63,   69) (  66,   50) (  65,   72) (  60,   55) (  60,   66) (  70,   51) (  62,   59) (  67,   59)
          (  48,   59) (  74,   75) (  52,   55) (  59,   58) (  62,   73) (  58,   54) (  62,   79) (  46,   48) (  68,   69) (  41,   58)
          (  96,   73) (  44,   63) (  73,   59) (  73,   51) (  47,   69) (  43,   50) (  57,   48) (  61,   59) (  63,   66) (  55,   54)
          (  82,   54) (  53,   56) (  65,   81) (  56,   44) (  59,   65) (  73,   43) (  53,   83) (  86,   68) (  28,   42) (  90,   79)
          (  43,   62) (  60,   76) (  73,   56) (  46,   54) (  67,   59) (  54,   52) (  62,   66) (  42,   55) (  41,   62) (  72,   50)
          (  63,   64) (  57,   64) (  78,   66) (  65,   67) (  59,   65) ( 105,   72) (  40,   54) (  91,   76) (  47,   57) (  69,   70)
          (  91,   78) (  55,   59) (  81,   67) (  73,   61) (  55,   68) (  55,   58) (  87,   69) (  65,   61) (  64,   73) (  82,   65)
          (  40,   61) (  90,   59) (  67,   68) (  67,   73) (  59,   53) (  57,   72) (  95,   73) (  50,   52) (  80,   74) (  54,   71)
          (  72,   73) (  57,   73) (  66,   56) (  64,   66) (  78,   71) (  51,   62) (  72,   76) (  51,   64) (  90,   64) (  56,   66)
          (  86,   74) (  34,   65) (  87,   80) (  53,   73) (  71,   59) (  78,   68) (  55,   69) (  56,   59) (  75,   61) (  70,   82)
          (  74,   69) (  39,   63) ( 113,   76) (  74,   73) (  38,   66) (  90,   89) (  53,   57) (  72,   69) (  81,   74) (  50,   71)
          (  92,   74) (  63,   60) (  54,   69) (  69,   77) (  62,   57) (  77,   75) (  63,   58) (  90,   68) (  65,   70) (  46,   68)
          (  56,   62) ( 100,   72) (  56,   72) (  66,   69) (  51,   59) (  75,   63) (  58,   64) (  85,   61) (  65,   66) (  64,   54)
          (  77,   64) (  64,   83) (  70,   74) (  73,   67) (  92,   80) (  60,   60) (  69,   64) (  52,   77) (  83,   79) (  55,   62)
          (  98,   75) (  66,   78) (  58,   61) (  61,   54) (  42,   59) (  72,   72) (  97,   70) (  76,   62) (  49,   61) (  77,   60)
          (  49,   63) (  81,   84) (  60,   74) (  65,   68) (  57,   72) (  47,   71) (  60,   72) (  64,   69) (  55,   63) (  74,   70)
          (  58,   68) (  74,   78) (  82,   85) (  49,   69) (  97,   85) (  49,   65) (  70,   66) (  48,   70) (  88,   77) (  84,   67)
          (  55,   82) (  66,   63) (  60,   54) (  80,   76) (  74,   74) (  79,   76) (  50,   58) (  86,   70) (  39,   66) (  95,   88)
          (  56,   72) (  79,   79) (  67,   64) (  71,   83) (  56,   59) (  61,   79) (  74,   68) (  47,   65) ( 102,   66) (  45,   44)
          (  76,   49) (  74,   83) (  81,   62) (  59,   75) (  75,   69) (  75,   65) (  55,   77) (  80,   60) (  56,   74) (  55,   65)
          (  83,   74) (  65,   71) (  89,   75) (  41,   59) (  88,   73) (  49,   54) (  79,   83) (  97,   75) (  66,   54) (  63,   77)
          (  82,   75) (  65,   62) (  45,   60) (  93,   74) (  50,   66) (  84,   74) (  53,   68) (  63,   67) (  83,   55) (  61,   63)
          (  70,   73) (  88,   77) (  40,   74) (  76,   78) (  67,   69) (  80,   84) (  75,   48) (  60,   64) (  71,   57) (  38,   50)
          (  88,   74) (  61,   55) (  70,   74) (  73,   55) (  75,   71) (  71,   75) (  41,   61) (  64,   78) ( 103,   55) (  38,   58)
          (  61,   63) (  91,   62) (  72,   73) (  41,   55) (  98,   71) (  59,   61) (  84,   71) (  49,   71) (  54,   71) (  71,   70)
          (  89,   59) (  50,   71) (  87,   63) (  37,   79) (  89,   74) (  47,   59) (  70,   54) (  79,   76) (  83,   72) (  57,   79)
          (  55,   72) (  55,   78) (  76,   67) (  63,   84) (  50,   83) (  71,   82) (  71,   63) (  49,   63) (  61,   80) (  73,   67)
          (  59,   60) (  81,   74) (  69,   68) (  57,   60) (  55,   61) (  70,   56) (  68,   66) (  76,   68) (  75,   79) (  64,   77)
          (  74,   85) (  56,   65) (  65,   64) (  82,   86) (  47,   54) (  70,   62) (  46,   70) (  95,   78) (  56,   74) (  71,   79)
          (  33,   60) (  77,   74) (  71,   63) (  71,   86) (  70,   59) (  56,   65) (  69,   66) (  75,   64) (  68,   68) (  71,   64)
          (  79,   68) (  56,   71) (  71,   71) (  54,   63) (  70,   65) (  63,   71) (  61,   55) (  72,   60) (  56,   60) (  60,   67)
          (  82,   62) (  59,   66) (  85,   58) (  65,   60) (  69,   86) (  69,   59) (  75,   67) (  59,   73) (  62,   70) (  41,   62)
          (  87,   80) (  62,   73) (  72,   65) (  48,   61) (  86,   76) (  70,   61) (  48,   59) (  61,   51) (  76,   77) (  46,   65)
          (  88,   96) (  76,   67) (  75,   68) (  63,   54) (  55,   62) (  53,   71) (  74,   69) (  57,   87) (  66,   69) (  76,   51)
          (  65,   69) (  65,   67) (  64,   71) (  56,   80) (  63,   64) ( 103,   79) (  44,   63) (  83,   59) (  61,   61) (  86,   96)
          (  75,   71) (  62,   81) (  58,   70) (  65,   56) (  49,   66) ( 111,   81) (  38,   52) (  90,   81) (  74,   61) (  55,   66)
          (  70,   69) (  82,   72) (  81,   75) (  55,   70) (  74,   64) (  51,   55) (  80,   75) (  70,   65) (  48,   64) (  69,   71)
          (  77,   62) (  80,   64) (  56,   68) (  54,   65) (  79,   66) (  67,   87) (  65,   68) (  57,   48) (  67,   67) (  76,   70)
          (  75,   67) (  57,   68) (  96,   64) (  58,   64) (  57,   68) (  72,   69) (  55,   63) (  90,   85) (  58,   59) (  59,   67)
          (  83,   85) (  51,   66) (  67,   75) (  82,   64) (  68,   64) (  70,   61) (  73,   82) (  62,   74) (  53,   68) (  40,   69)
          (  87,   66) (  64,   81) (  73,   71) (  50,   71) (  91,   67) (  85,   77) (  47,   64) (  83,   71) (  65,   70) (  72,   68)
          (  78,   73) (  56,   69) (  83,   70) (  64,   62) (  75,   71) (  48,   64) (  94,   80) (  75,   76) (  54,   78) (  71,   73)
          (  65,   80) (  74,   77) (  75,   72) (  56,   68) (  86,   73) (  49,   57) (  54,   66) (  47,   61) (  80,   68) (  90,   69)
          (  62,   68) (  67,   67) (  69,   63) (  67,   75) (  54,   75) (  66,   67) (  54,   63) (  79,   76) (  71,   56) (  88,   73)
          (  70,   55) (  42,   60) (  62,   67) (  68,   63) (  54,   63) (  95,   80) (  57,   57) (  56,   78) (  81,   69) (  77,   67)
         
node   4 sent_total  47083  recv_total  47047

node   5  (   0,    0) (   1,    0) (   0,    0) (   6,    4) (  30,   16) (  53,   27) ( 104,   59) ( 101,  109) (  54,  101) (  94,  114)
          (  74,   82) ( 116,   97) (  37,   85) ( 100,   93) ( 101,   86) (  81,  107) (  71,   95) ( 109,   90) (  79,   76) (  85,   89)
          (  81,   90) (  83,   86) ( 107,  101) (  81,   91) (  70,   88) (  73,   79) ( 101,   87) (  53,   86) (  78,   74) ( 109,   75)
          (  87,   82) ( 106,   90) (  72,   91) ( 101,   94) (  70,  101) (  90,   99) (  80,   92) (  83,   82) (  78,   99) (  97,   83)
          (  77,   86) (  98,   69) (  81,   82) (  79,   94) (  80,   97) (  79,   78) (  92,   91) (  88,   96) (  76,   62) (  80,   91)
          (  94,   95) ( 107,   88) (  44,   57) (  98,   71) (  70,   88) (  83,   81) (  93,   75) (  87,   97) (  55,   81) (  90,   77)
          (  61,   85) ( 105,   68) (  58,   68) (  73,   79) (  87,   96) (  73,   83) (  75,   72) (  91,   81) (  49,   79) (  82,   79)
          (  87,   76) (  72,   67) (  67,   72) (  59,   68) ( 105,   87) (  58,   72) (  51,   68) ( 114,   74) (  58,   69) (  66,   69)
          ( 105,   77) (  82,   74) (  61,   78) (  54,   80) (  84,   75) ( 103,   90) (  43,   67) ( 109,   83) (  77,   75) (  80,   67)
          (  57,   73) (  86,   87) (  74,   60) (  48,   78) ( 102,   72) (  73,   67) (  76,   85) (  74,   61) (  86,   86) (  82,   93)
          (  77,   71) (  90,   71) (  37,   62) ( 106,   75) (  37,   59) (  85,   73) (  58,   63) (  81,   67) (  56,   67) (  80,   64)
          (  31,   57) (  93,   64) (  56,   55) (  82,   55) (  50,   66) (  71,   64) (  78,   58) (  55,   56) (  91,   67) (  66,   62)
          (  57,   71) (  89,   59) (  70,   62) (  73,   66) (  70,   68) (  56,   63) (  48,   56) (  57,   61) (  88,   71) (  41,   58)
          (  67,   66) (  53,   55) (  63,   60) (  51,   63) (  58,   50) (  72,   64) (  61,   65) (  69,   60) (  52,   66) (  57,   59)
          (  68,   58) (  50,   69) (  55,   65) (  61,   47) (  62,   63) (  64,   66) (  53,   53) (  52,   63) (  69,   61) (  54,   57)
          (  68,   60) (  64,   71) (  33,   63) (  91,   75) (  66,   56) (  56,   66) (  41,   69) (  50,   61) (  68,   75) (  47,   57)
          (  66,   60) (  57,   61) (  48,   54) (  59,   63) (  61,   79) (  50,   63) (  60,   57) (  54,   50) (  67,   81) (  42,   47)
          (  60,   55) (  83,   73) (  36,   55) (  74,   61) (  51,   59) (  51,   51) (  80,   56) (  43,   49) (  72,   64) (  69,   60)
          (  55,   59) (  66,   66) (  52,   59) (  64,   47) (  60,   54) (  50,   55) (  71,   64) (  60,   52) (  63,   69) (  41,   56)
          (  79,   62) (  62,   61) (  71,   55) (  53,   50) (  71,   63) (  45,   55) (  55,   71) (  72,   56) (  44,   71) (  74,   71)
          (  51,   58) (  66,   66) (  57,   61) (  51,   69) (  75,   50) (  49,   49) (  77,   54) (  64,   63) (  54,   49) (  67,   59)
          (  72,   60) (  57,   56) (  55,   58) (  55,   69) (  64,   50) (  51,   60) (  68,   54) (  78,   53) (  71,   49) (  42,   70)
          (  56,   61) (  60,   59) (  55,   56) (  56,   59) (  49,   67) (  65,   60) (  72,   60) (  68,   67) (  56,   62) (  58,   64)
          (  80,   47) (  45,   49) (  68,   64) (  69,   67) (  55,   66) (  72,   56) (  54,   62) (  48,   57) (  86,   63) (  49,   65)
          (  85,   57) (  50,   61) (  77,   72) (  26,   43) (  68,   68) (  64,   52) (  48,   59) (  54,   64) (  70,   60) (  53,   76)
          (  50,   50) (  67,   71) (  48,   56) (  84,   59) (  46,   59) (  68,   60) (  35,   75) (  58,   62) (  59,   73) (  70,   52)
          (  54,   53) (  60,   51) (  72,   54) (  68,   63) (  61,   61) (  46,   54) (  70,   81) (  56,   45) (  59,   55) (  62,   57)
          (  75,   59) (  69,   54) (  47,   64) (  47,   65) (  52,   71) (  71,   55) (  88,   56) (  43,   57) (  78,   68) (  58,   68)
          (  43,   52) (  90,   55) (  66,   72) (  61,   48) (  75,   68) (  52,   62) (  38,   54) (  86,   59) (  39,   56) (  62,   72)
          (  84,   59) (  51,   56) (  48,   59) (  50,   58) (  67,   60) (  64,   66) (  43,   58) (  41,   43) (  66,   68) (  73,   59)
          (  56,   67) (  65,   70) (  76,   68) (  72,   77) (  57,   80) (  56,   74) (  74,   57) (  73,   65) (  78,   78) (  55,   69)
          (  82,   81) (  66,   51) (  73,   75) (  53,   65) (  64,   76) (  81,   56) (  84,   66) (  78,   64) (  67,   75) (  68,   66)
          (  63,   70) (  63,   69) (  59,   68) (  84,   67) (  57,   70) (  75,   64) (  79,   69) (  82,   74) (  46,   66) (  56,   51)
          ( 119,   70) (  75,   70) (  58,   66) (  74,   67) (  58,   59) (  65,   58) (  69,   72) (  49,   61) (  78,   65) (  45,   64)
          (  89,   62) (  71,   73) (  73,   61) (  37,   72) (  74,   67) (  56,   53) (  52,   65) (  89,   76) (  74,   73) (  81,   72)
          (  80,   64) (  63,   66) (  68,   75) (  66,   72) (  67,   72) (  64,   60) (  68,   90) (  75,   67) (  72,   76) (  58,   57)
          (  80,   67) (  70,   65) (  54,   51) (  53,   69) ( 100,   66) (  51,   71) (  72,   82) (  41,   55) (  66,   75) ( 110,   74)
          (  31,   46) (  87,   67) (  52,   57) (  75,   82) (  47,   49) (  94,   75) (  45,   74) (  72,   62) (  75,   76) (  66,   54)
          (  71,   75) (  77,   64) (  54,   67) (  66,   66) (  69,   69) (  67,   70) (  70,   49) (  87,   71) (  71,   74) (  48,   58)
          (  68,   70) (  71,   73) (  79,   72) (  54,   75) (  67,   70) (  50,   54) (  81,   65) (  55,   63) (  66,   70) (  66,   70)
          (  85,   66) (  61,   61) (  72,   72) (  68,   70) (  64,   78) (  94,   87) (  57,   72) (  56,   76) (  59,   61) (  98,   63)
          (  62,   50) (  57,   64) (  64,   80) (  92,   72) (  54,   70) (  71,   71) (  63,   72) (  66,   65) (  58,   63) (  59,   60)
          (  86,   69) (  69,   66) (  47,   69) (  89,   87) (  66,   79) (  67,   61) (  57,   54) (  62,   75) (  65,   61) (  58,   75)
          (  74,   70) (  56,   62) (  69,   55) (  68,   67) (  83,   59) (  45,   55) (  69,   73) (  63,   49) (  85,   86) (  64,   65)
          (  69,   50) (  73,   79) (  59,   70) (  63,   87) (  56,   64) (  72,   83) (  70,   66) (  73,   63) (  51,   74) (  80,   77)
          (  62,   55) (  78,   66) (  63,   71) (  66,   72) (  86,   69) (  48,   64) (  79,   77) (  63,   76) (  67,   79) (  76,   73)
          (  48,   54) (  72,   68) (  75,   62) (  72,   68) (  61,   80) (  67,   64) (  73,   63) (  63,   63) (  55,   63) (  82,   63)
          (  67,   80) (  70,   67) (  78,   63) (  64,   59) (  75,   69) (  69,   83) (  46,   71) (  72,   69) (  67,   71) (  69,   64)
          (  39,   58) (  89,   59) (  50,   70) (  67,   57) (  95,   71) (  57,   59) (  64,   81) (  80,   64) (  67,   71) (  91,   77)
          (  45,   62) (  61,   69) (  71,   78) (  60,   67) (  84,   70) (  75,   77) (  62,   70) (  74,   62) (  53,   85) (  65,   71)
          (  58,   69) (  41,   83) (  98,   76) (  40,   75) (  82,   60) (  75,   71) (  76,   65) (  73,   59) (  51,   51) (  72,   86)
          (  63,   54) (  63,   64) (  77,   61) (  57,   61) (  53,   64) (  73,   65) (  84,   72) (  76,   71) (  59,   76) (  73,   59)
          (  51,   58) (  85,   80) (  40,   56) (  92,   69) (  66,   60) (  72,   66) (  62,   75) (  63,   72) (  62,   61) (  52,   59)
          (  74,   70) (  68,   74) (  80,   67) (  48,   75) (  62,   68) (  88,   70) (  63,   58) (  43,   49) (  75,   60) (  91,   78)
          (  49,   71) (  83,   65) (  53,   57) (  75,   64) (  98,   89) (  46,   68) (  72,   62) (  77,   66) (  66,   63) (  74,   59)
          (  30,   60) (  75,   56) (  71,   66) (  72,   86) (  81,   62) (  84,   77) (  62,   74) (  46,   75) (  65,   75) (  78,   76)
          (  62,   81) (  79,   83) (  64,   74) (  55,   62) (  77,   54) (  47,   53) (  91,   85) (  62,   56) (  51,   57) (  97,   78)
          (  51,   58) (  76,   70) (  58,   75) (  65,   51) (  83,   55) (  76,   76) (  59,   76) (  93,   66) (  63,   63) (  66,   72)
          (  57,   66) (  98,   86) (  56,   62) (  56,   71) (  88,   57) (  48,   64) (  66,   60) (  64,   57) (  80,   83) (  72,   67)
          (  67,   61) (  82,   73) (  73,   67) (  80,   77) (  77,   67) (  58,   68) (  53,   68) (  71,   62) (  63,   66) (  82,   67)
          (  74,   80) (  70,   67) (  43,   72) (  67,   63) (  82,   77) (  64,   65) (  68,   70) (  46,   56) (  74,   57) ( 100,   74)
          (  49,   65) (  79,   78) (  72,   47) (  67,   68) (  79,   77) (  55,   62) (  61,   76) (  62,   58) (  83,   61) (  54,   59)
          (  77,   59) (  65,   74) (  82,   74) (  56,   61) (  69,   61) (  56,   73) (  64,   66) (  81,   67) (  87,   56) (  74,   65)
          (  71,   62) (  64,   67) (  47,   64) (  95,   87) (  67,   69) (  65,   74) (  58,   62) (  79,   75) (  57,   75) (  74,   67)
          (  98,   60) (  45,   76) (  51,   62) (  79,   72) (  74,   87) (  84,   54) (  49,   72) (  48,   70) (  99,   76) (  50,   85)
          (  98,   61) (  81,   71) (  62,   83) (  63,   57) (  61,   64) (  48,   51) (  96,   88) (  55,   57) (  78,   62) (  44,   57)
          (  58,   51) (  79,   74) (  57,   63) (  59,   66) (  88,   78) (  69,   72) (  59,   67) (  68,   77) (  63,   56) (  71,   73)
          (  73,   63) (  56,   60) (  90,   85) (  83,   67) (  47,   93) (  63,   68) (  89,   68) (  57,   64) (  72,   65) (  97,   79)
          (  66,   75) (  69,   74) (  69,   75) (  36,   71) (  94,   62) (  67,   62) (  74,   63) (  58,   64) (  80,   62) (  83,   69)
          (  70,   61) (  63,   68) (  28,   54) (  90,   65) (  62,   69) (  54,   62) (  91,   88) (  77,   73) (  57,   53) (  80,   75)
         
node   5 sent_total  47156  recv_total  47039

node   6  (   0,    0) (   1,    0) (   0,    0) (   1,    3) (  21,   12) (  36,   22) ( 105,   58) (  71,   82) (  70,   74) (  76,   89)
          ( 110,   80) (  80,   89) (  61,   91) ( 114,   83) (  57,   90) (  85,   98) (  65,   69) ( 108,   87) ( 111,   94) (  36,   83)
          (  92,   84) ( 108,  106) (  57,   76) (  84,   77) (  90,   93) (  90,   78) (  82,   87) (  80,   91) (  61,   77) ( 119,   84)
          (  72,   75) (  84,   92) ( 110,   75) (  80,   80) (  88,   83) (  85,   92) (  74,   92) (  83,   89) (  82,   80) (  84,   62)
          (  99,  100) (  72,   78) ( 100,   85) (  69,   87) (  74,   85) ( 103,   94) (  80,   80) (  83,   67) (  89,   82) (  81,   87)
          ( 110,   89) (  68,   69) (  84,   81) (  93,   80) (  69,   81) (  92,   72) (  99,   73) (  43,   79) (  81,   79) (  74,   54)
          (  65,   74) (  87,   82) (  72,   72) (  81,   84) (  65,   71) (  47,   79) ( 100,   64) (  72,   69) (  69,   68) (  98,   67)
          (  67,   84) (  64,   80) (  84,   80) ( 102,   86) (  40,   71) (  88,   67) (  62,   75) ( 100,   67) (  39,   74) ( 123,   85)
          (  66,   66) (  71,   76) (  75,   82) (  70,   84) (  99,   88) (  76,   79) (  88,   51) (  66,   94) (  98,   78) (  67,   80)
          (  53,   81) ( 110,   71) (  67,   54) (  82,   90) (  74,   68) (  84,   78) (  50,   75) (  71,   66) (  80,   76) ( 111,   82)
          (  76,   86) (  81,   86) (  51,   66) (  64,   53) (  61,   77) (  65,   45) (  90,   68) (  63,   47) (  70,   57) (  84,   75)
          (  56,   57) (  63,   56) (  58,   47) (  87,   58) (  33,   51) (  95,   55) (  54,   65) (  50,   52) (  83,   52) (  69,   69)
          (  62,   64) (  68,   64) (  71,   64) (  68,   77) (  39,   66) (  89,   65) (  60,   59) (  42,   55) (  70,   65) (  48,   56)
          (  89,   61) (  70,   66) (  60,   55) (  61,   56) (  55,   52) (  68,   56) (  26,   39) (  73,   57) (  72,   62) (  46,   74)
          (  40,   56) (  70,   57) (  72,   58) (  51,   59) (  65,   72) (  41,   69) (  57,   52) (  58,   65) (  60,   53) (  58,   65)
          (  47,   56) (  78,   59) (  71,   67) (  28,   43) (  95,   50) (  59,   58) (  72,   65) (  51,   62) (  52,   56) (  64,   39)
          (  51,   48) (  63,   50) (  66,   59) (  62,   61) (  65,   51) (  59,   50) (  29,   67) (  91,   60) (  62,   67) (  64,   49)
          (  90,   61) (  31,   59) (  79,   58) (  68,   61) (  44,   57) (  69,   64) (  37,   48) (  92,   59) (  51,   71) (  51,   61)
          (  55,   64) (  73,   56) (  78,   63) (  62,   56) (  46,   77) (  55,   52) (  61,   67) (  63,   51) (  73,   69) (  53,   64)
          (  58,   55) (  53,   55) (  61,   61) (  70,   62) (  52,   62) (  67,   66) (  46,   58) (  55,   74) (  59,   55) (  76,   65)
          (  37,   41) (  75,   73) (  52,   54) (  69,   49) (  44,   47) (  65,   71) (  58,   60) (  60,   59) (  74,   52) (  47,   60)
          (  65,   64) (  69,   66) (  52,   62) (  56,   52) (  31,   53) (  76,   65) (  61,   62) (  26,   75) (  87,   67) (  51,   54)
          (  40,   45) (  76,   59) (  38,   50) (  78,   78) (  48,   61) (  64,   61) (  40,   55) (  49,   61) (  70,   68) (  63,   53)
          (  59,   55) (  64,   63) (  68,   58) (  84,   70) (  53,   62) (  65,   51) (  56,   60) (  53,   64) (  49,   52) (  78,   73)
          (  92,   50) (  58,   63) (  59,   75) (  61,   58) (  65,   63) (  61,   61) (  36,   54) (  82,   61) (  50,   60) (  48,   56)
          (  82,   58) (  59,   55) (  50,   62) (  61,   48) (  56,   81) (  58,   58) (  52,   66) (  58,   52) (  70,   53) (  57,   54)
          (  74,   55) (  64,   54) (  61,   64) (  71,   65) (  57,   68) (  76,   49) (  26,   60) (  68,   55) (  70,   65) (  63,   58)
          (  41,   63) (  68,   54) (  51,   60) (  52,   54) (  70,   65) (  43,   47) (  58,   53) (  61,   66) (  54,   53) (  53,   66)
          (  81,   57) (  69,   59) (  38,   63) (  78,   59) (  65,   69) (  73,   64) (  66,   76) (  38,   52) (  73,   61) (  52,   51)
          (  75,   57) (  56,   57) (  53,   46) (  70,   65) (  59,   57) (  63,   57) (  59,   57) (  73,   59) (  36,   60) (  59,   57)
          (  82,   70) (  62,   56) (  84,   76) (  75,   62) (  73,   78) (  51,   61) (  71,   51) (  60,   70) (  76,   61) (  83,   76)
          (  65,   61) (  74,   65) (  62,   73) (  60,   66) (  91,   75) (  73,   72) (  60,   70) (  61,   60) (  80,   81) (  44,   60)
          (  72,   65) (  81,   66) (  66,   64) (  74,   66) (  69,   69) (  89,   71) (  75,   63) (  48,   78) (  61,   66) (  67,   75)
          (  66,   68) (  60,   71) (  86,   69) (  53,   61) (  82,   58) (  43,   57) (  80,   70) (  65,   58) (  85,   75) (  85,   75)
          (  36,   47) (  73,   65) (  91,   63) (  46,   61) (  82,   54) (  56,   86) (  46,   65) (  86,   80) (  66,   72) (  76,   79)
          (  37,   67) (  70,   86) (  76,   72) (  64,   73) (  71,   77) (  61,   66) (  72,   63) (  75,   65) (  55,   75) (  52,   73)
          (  51,   63) ( 102,   74) (  63,   60) (  67,   63) (  60,   52) (  51,   80) (  59,   79) (  79,   76) (  82,   61) (  60,   68)
          (  61,   69) (  78,   50) (  42,   63) (  90,   81) (  85,   65) (  78,   63) (  37,   69) (  54,   57) (  77,   70) (  73,   76)
          (  64,   76) (  57,   68) (  66,   61) (  89,   83) (  39,   67) (  76,   66) (  55,   73) (  75,   81) (  63,   71) ( 101,   78)
          (  52,   66) (  62,   73) (  77,   74) (  79,   66) (  66,   65) (  72,   76) (  48,   75) (  64,   72) (  62,   63) (  78,   73)
          (  73,   74) (  67,   57) (  58,   56) (  60,   65) (  64,   68) (  68,   54) (  62,   69) (  49,   47) (  86,   69) (  44,   75)
          (  84,   63) (  65,   62) (  66,   65) (  93,   62) (  56,   57) (  71,   81) (  62,   80) (  55,   57) (  74,   82) (  84,   67)
          (  58,   78) (  58,   70) (  94,   84) (  56,   54) (  68,   48) (  62,   57) (  56,   89) (  90,   79) (  59,   76) (  56,   61)
          (  63,   76) (  61,   62) (  75,   71) (  55,   73) (  90,   79) (  78,   89) (  41,   54) (  82,   75) (  84,   58) (  16,   63)
          ( 124,   64) (  59,   67) (  68,   61) (  66,   61) (  80,   75) (  59,   50) (  72,   61) (  87,   75) (  53,   60) (  48,   63)
          (  96,   64) (  71,   86) (  74,   72) (  60,   66) (  69,   55) (  64,   76) (  72,   77) (  64,   60) (  88,   81) (  56,   63)
          (  63,   62) (  86,   85) (  67,   71) (  93,   72) (  40,   55) (  80,   56) (  69,   57) (  52,   71) (  72,   73) (  77,   68)
          (  64,   54) (  65,   72) (  74,   72) (  48,   73) (  90,   71) (  44,   70) (  73,   74) (  62,   60) (  63,   61) (  75,   75)
          (  49,   66) (  83,   63) (  79,   61) (  61,   62) (  55,   61) (  69,   72) (  66,   59) (  78,   77) (  38,   73) (  86,   73)
          (  79,   79) (  59,   74) (  60,   76) (  67,   80) (  58,   70) (  96,   65) (  46,   64) (  59,   86) (  78,   70) (  64,   57)
          (  72,   66) (  61,   72) (  53,   52) (  83,   81) (  73,   57) (  71,   77) (  46,   69) (  71,   70) (  70,   68) (  52,   65)
          (  60,   57) ( 103,   68) (  61,   65) (  84,   59) (  47,   76) (  67,   63) (  90,   79) (  64,   75) (  49,   72) (  75,   67)
          (  75,   69) (  66,   68) (  80,   67) (  46,   66) (  67,   58) (  59,   66) (  71,   65) (  84,   65) (  62,   72) (  78,   67)
          (  38,   74) ( 104,   68) (  64,   63) (  53,   76) (  75,   65) (  68,   68) (  61,   77) (  63,   66) (  69,   69) (  38,   48)
          (  86,   74) (  65,   60) (  73,   75) (  95,   68) (  42,   67) (  70,   84) (  74,   64) (  62,   71) (  51,   79) (  81,   52)
          (  64,   75) (  70,   63) (  59,   72) (  57,   62) (  81,   63) (  55,   72) (  77,   65) (  78,   64) (  53,   67) (  81,   77)
          (  60,   70) (  60,   70) (  76,   73) (  92,   67) (  81,   73) (  62,   66) (  65,   74) (  74,   68) (  67,   59) (  68,   72)
          (  79,   73) (  51,   82) (  88,   75) (  39,   57) (  88,   70) (  49,   95) (  63,   80) (  63,   51) (  67,   77) (  51,   60)
          (  79,   83) (  74,   73) (  81,   66) (  54,   69) (  44,   64) (  81,   74) (  73,   44) (  82,   79) (  51,   67) (  55,   68)
          (  78,   78) (  55,   64) (  78,   50) (  60,   68) (  77,   54) (  84,   71) (  77,   72) (  78,   75) (  59,   49) (  67,   63)
          (  74,   61) (  93,   76) (  45,   59) (  74,   70) (  68,   63) (  61,   70) (  74,   64) (  56,   60) (  65,   57) (  84,   83)
          (  74,   76) (  63,   68) (  78,   79) (  43,   64) (  72,   82) (  66,   72) (  80,   51) (  70,   65) (  63,   74) (  62,   77)
          (  83,   73) (  52,   79) (  85,   78) (  73,   73) (  66,   70) (  47,   80) (  81,   71) (  68,   64) (  62,   65) (  45,   78)
          (  92,   59) (  61,   92) (  81,   59) (  53,   75) (  78,   75) (  50,   88) (  88,   58) (  60,   79) (  66,   83) (  75,   66)
          (  81,   55) (  77,   81) (  67,   66) (  66,   74) (  56,   77) (  78,   69) (  76,   79) (  65,   69) (  98,   68) (  49,   73)
          (  84,   50) (  76,   76) (  56,   56) (  66,   69) (  66,   65) (  64,   65) (  66,   89) (  69,   67) (  54,   67) (  53,   72)
          (  99,   57) (  64,   61) (  67,   56) (  83,   66) (  73,   71) (  56,   74) (  70,   64) (  60,   62) (  62,   65) (  66,   79)
          (  79,   73) (  71,   55) (  48,   70) (  75,   61) (  98,   85) (  62,   54) (  54,   70) (  86,   71) (  65,   56) (  73,   69)
          (  55,   62) (  68,   71) (  66,   69) (  72,   76) (  66,   54) (  57,   75) (  63,   75) (  59,   81) (  89,   59) (  67,   76)
          (  58,   59) (  61,   80) (  71,   66) (  76,   58) (  64,   59) (  76,   61) (  49,   66) (  91,  107) (  47,   44) (  81,   81)
         
node   6 sent_total  47021  recv_total  46776

node   7  (   0,    0) (   1,    0) (   0,    0) (   4,    3) (  61,   16) (  81,   41) (  60,   65) (  78,  103) ( 106,   91) (  93,   73)
          (  73,   81) (  89,   78) (  95,  104) (  57,   70) (  82,   86) (  82,   93) ( 107,   83) (  67,   73) (  81,  105) (  71,   93)
          (  95,   74) ( 107,   86) (  93,   81) ( 101,   83) (  56,   91) ( 120,   77) (  73,   77) (  82,   88) (  88,   81) (  76,   64)
          ( 109,  105) (  84,   81) ( 103,   71) (  98,   82) (  84,   85) (  67,   84) (  88,   74) ( 101,   84) (  69,   74) (  94,   73)
          ( 107,   77) (  92,   77) (  60,   61) ( 107,   85) (  98,   91) ( 104,   98) (  74,   79) (  89,   96) (  86,   75) (  90,   77)
          (  90,   65) (  93,   82) (  41,   84) (  94,   62) (  98,   85) (  63,   96) (  86,   90) (  57,   81) (  91,   89) (  49,   73)
          (  79,   82) (  78,   73) (  91,  102) (  87,   77) (  66,   69) (  80,   78) (  74,   61) (  83,   74) (  67,   80) (  89,   69)
          (  62,   74) (  90,   72) (  71,   65) (  44,   69) (  91,   71) (  73,   75) (  78,   70) (  70,   69) (  66,   79) ( 109,   87)
          (  59,   81) (  79,   76) (  94,   85) (  84,   62) (  65,   82) (  69,   78) ( 107,   81) (  86,   82) (  51,   76) (  98,   72)
          (  47,   75) (  65,   54) ( 108,   80) (  84,   84) (  66,   62) (  92,   75) (  58,   71) (  89,   71) ( 106,   79) (  58,   69)
          (  84,   81) (  87,   95) (  55,   66) (  75,   56) (  74,   54) (  65,   59) (  62,   56) (  82,   67) (  43,   61) (  90,   69)
          (  77,   64) (  65,   50) (  67,   54) (  64,   60) ( 101,   57) (  56,   52) (  85,   70) (  66,   52) (  71,   62) (  82,   68)
          (  94,   64) (  49,   49) (  54,   68) (  53,   65) (  65,   60) (  70,   61) (  41,   47) (  64,   68) (  53,   51) (  58,   54)
          (  67,   74) (  58,   61) (  90,   66) (  43,   45) (  73,   53) (  91,   72) (  58,   64) (  49,   65) (  71,   49) (  67,   59)
          (  53,   62) (  51,   61) (  69,   55) (  53,   46) (  47,   60) (  58,   60) (  63,   46) (  89,   72) (  58,   60) (  43,   53)
          (  59,   50) (  65,   69) (  54,   70) (  69,   59) (  69,   51) (  41,   61) (  76,   65) (  58,   54) (  48,   59) (  44,   54)
          (  48,   54) (  74,   52) (  53,   75) (  53,   72) (  80,   59) (  42,   55) (  39,   68) (  71,   56) (  55,   76) (  64,   68)
          (  44,   58) (  86,   71) (  69,   72) (  28,   49) (  74,   61) (  36,   64) (  72,   61) (  49,   43) (  59,   55) (  68,   62)
          (  46,   57) (  87,   64) (  48,   54) (  71,   59) (  44,   69) (  63,   51) (  66,   62) (  48,   59) (  77,   54) (  51,   58)
          (  68,   65) (  74,   68) (  69,   65) (  41,   65) (  78,   57) (  53,   59) (  54,   60) (  69,   65) (  73,   61) (  45,   63)
          (  73,   71) (  78,   78) (  40,   49) (  64,   59) (  58,   62) (  37,   48) (  90,   76) (  36,   67) (  67,   82) (  71,   86)
          (  59,   64) (  56,   45) (  43,   57) (  42,   53) (  65,   71) (  57,   65) (  47,   63) (  49,   70) (  61,   55) (  69,   58)
          (  59,   49) (  60,   63) (  67,   69) (  69,   65) (  63,   69) (  45,   59) (  79,   79) (  80,   65) (  64,   60) (  54,   77)
          (  48,   53) (  63,   69) (  64,   62) (  53,   59) (  45,   66) (  98,   50) (  59,   70) (  62,   61) (  67,   58) (  37,   59)
          (  59,   48) (  75,   79) (  43,   50) (  70,   50) (  74,   68) (  51,   49) (  76,   80) (  60,   68) (  47,   43) (  62,   53)
          (  60,   69) (  73,   71) (  60,   79) (  64,   43) (  61,   71) (  59,   52) (  42,   51) (  64,   58) (  75,   57) (  39,   64)
          ( 101,   72) (  34,   49) (  84,   69) (  43,   56) (  77,   80) (  71,   53) (  42,   69) (  53,   63) (  54,   59) (  66,   63)
          (  58,   55) (  65,   56) (  50,   60) (  61,   55) (  74,   78) (  62,   60) (  24,   49) (  51,   65) (  63,   58) (  65,   62)
          (  57,   55) (  60,   50) (  46,   63) (  65,   62) (  42,   58) (  77,   52) (  60,   59) (  64,   56) (  68,   66) (  57,   73)
          (  66,   65) (  57,   77) (  51,   50) (  73,   53) (  51,   57) (  40,   61) (  82,   63) (  36,   45) (  64,   65) (  69,   53)
          (  75,   67) (  26,   51) (  98,   71) (  65,   60) (  75,   76) (  63,   68) (  82,   61) (  45,   64) (  65,   70) (  76,   66)
          (  67,   67) (  56,   69) (  89,   86) (  87,   64) (  56,   65) (  65,   76) (  54,   55) (  66,   64) (  65,   77) (  73,   71)
          (  56,   55) (  58,   67) (  78,   76) (  65,   66) (  76,   73) (  61,   64) (  77,   74) (  69,   77) (  69,   75) (  73,   62)
          (  58,   62) (  73,   73) (  75,   75) (  69,   77) (  62,   73) (  78,   71) (  59,   80) (  67,   61) (  49,   62) ( 107,   61)
          (  59,   61) (  88,   75) (  65,   76) (  74,   89) (  51,   64) (  61,   71) (  83,   68) (  48,   54) (  87,   68) (  61,   82)
          (  66,   66) (  67,   65) (  61,   65) (  69,   67) (  83,   72) (  65,   63) (  78,   74) (  47,   71) (  76,   70) (  88,   75)
          (  68,   66) (  73,   86) (  64,   57) (  62,   74) (  77,   74) (  58,   72) (  68,   64) (  55,   78) (  73,   58) (  62,   58)
          (  76,   77) (  40,   52) (  78,   87) (  68,   72) (  57,   71) (  70,   84) (  71,   73) (  80,   72) (  45,   71) (  80,   76)
          (  64,   69) (  76,   65) (  84,   76) (  60,   70) (  42,   73) (  83,   71) (  72,   56) (  79,   60) (  58,   60) (  75,   59)
          (  70,   65) (  70,   72) (  62,   84) (  85,   77) (  60,   81) (  53,   61) (  80,   67) (  56,   74) (  80,   70) (  81,   63)
          (  72,   71) (  53,   65) (  48,   61) (  91,   63) (  67,   70) (  69,   66) (  79,   55) (  58,   55) (  78,   73) (  46,   66)
          (  73,   69) (  50,   76) (  67,   62) (  57,   58) (  66,   72) (  67,   63) (  58,   59) ( 114,   68) (  36,   70) (  85,   70)
          (  57,   82) (  90,   78) (  54,   76) (  64,   84) (  53,   56) (  67,   65) (  67,   71) (  90,   68) (  58,   52) (  78,   62)
          (  56,   69) (  58,   64) (  96,   60) (  57,   62) (  90,   69) (  49,   73) ( 105,   70) (  73,   62) (  56,   73) (  65,   78)
          (  72,   65) (  62,   81) (  85,   92) (  81,   69) (  64,   53) (  82,   89) (  69,   65) (  51,   52) (  69,   81) (  61,   54)
          (  71,   68) (  84,   67) (  83,   80) (  62,   76) (  61,   67) ( 102,   74) (  55,   59) (  76,   81) (  49,   92) (  60,   63)
          (  80,   59) (  64,   75) (  88,   69) (  51,   76) (  88,   67) (  60,   70) (  45,   72) (  96,   89) (  82,   67) (  55,   74)
          (  72,   62) (  47,   59) (  89,   71) (  57,   68) (  78,   78) (  64,   75) (  79,   71) (  54,   68) (  68,   75) (  63,   72)
          (  61,   74) (  51,   56) (  65,   73) (  75,   59) (  62,   68) (  92,   80) (  41,   66) (  65,   73) (  89,   56) (  65,   72)
          (  64,   72) (  72,   72) (  78,   66) (  64,   60) (  63,   59) (  41,   62) (  84,   73) (  82,   58) (  71,   77) (  66,   60)
          (  77,   71) (  53,   66) (  57,   70) (  83,   76) (  73,   60) (  48,   60) (  82,   70) (  55,   69) (  79,   62) (  57,   69)
          (  95,   67) (  61,   72) (  59,   53) (  63,   51) (  61,   71) (  84,   60) (  64,   53) (  58,   54) (  72,   60) (  49,   57)
          (  73,   78) (  70,   69) (  68,   84) (  54,   68) (  85,   68) (  82,   58) (  56,   60) (  71,   77) (  39,   74) (  85,   74)
          (  53,   71) (  89,   60) (  64,   71) (  53,   66) (  79,   64) (  46,   56) (  82,   69) (  39,   55) (  86,   71) (  87,   64)
          (  74,   60) (  70,   85) (  52,   55) (  73,   69) (  72,   78) (  72,   68) (  55,   67) (  75,   66) (  56,   69) (  87,   75)
          (  69,   74) (  61,   55) (  57,   78) (  69,   69) (  75,   73) (  42,   67) (  80,   86) (  75,   67) (  57,   63) (  78,   60)
          (  44,   67) (  65,   66) (  80,   73) (  52,   74) (  88,   70) (  55,   57) (  81,   68) (  55,   71) (  65,   80) (  70,   52)
          (  62,   74) (  74,   55) (  47,   67) (  49,   58) ( 109,   62) (  58,   80) (  53,   56) (  69,   58) (  44,   61) (  95,   70)
          (  90,   63) (  50,   72) (  73,   72) (  61,   65) (  65,   69) (  58,   65) (  91,   67) (  58,   59) (  64,   62) (  74,   61)
          (  53,   75) (  81,   67) (  46,   57) (  76,   69) (  75,   56) (  64,   69) (  69,   62) (  63,   71) (  77,   72) (  82,   77)
          (  85,   55) (  56,   75) (  54,   75) (  80,   52) (  40,   56) (  73,   81) (  68,   79) (  56,   70) (  82,   60) (  65,   67)
          (  79,   68) (  55,   60) (  81,   59) (  59,   64) (  65,   60) (  50,   66) (  68,   69) (  68,   63) (  65,   56) (  67,   59)
          (  47,   56) (  91,   72) (  55,   59) (  86,   65) (  73,   73) (  63,   67) (  79,   76) (  83,   56) (  40,   69) (  59,   66)
          (  87,   67) (  88,   84) (  63,   60) (  65,   74) (  48,   58) (  87,   68) (  73,   69) (  67,   54) (  75,   73) (  47,   67)
          (  68,   71) (  52,   65) (  72,   62) (  73,   83) (  74,   66) (  56,   66) (  75,   69) (  65,   64) (  69,   63) (  88,   74)
          (  67,   55) (  76,   71) (  52,   80) (  78,   88) (  92,   74) (  67,   63) (  74,   61) (  51,   73) (  70,   61) (  64,   62)
          (  80,   55) (  73,   74) (  46,   64) (  58,   81) (  85,   52) (  56,   67) (  65,   58) (  99,   68) (  69,   53) (  72,   76)
          (  53,   84) (  67,   71) (  78,   71) (  74,   69) (  43,   79) (  79,   64) (  46,   59) (  89,   62) (  58,   62) (  85,   81)
          (  51,   83) (  66,   67) (  88,   81) (  67,   85) (  52,   67) (  59,   72) (  62,   59) (  84,   70) (  55,   60) (  73,   74)
          (  83,   68) (  71,   72) (  79,   65) (  58,   54) (  63,   64) (  68,   56) (  81,   64) (  61,   76) (  58,   65) (  72,   74)
         
node   7 sent_total  47320  recv_total  46881

node   8  (   0,    0) (   1,    0) (   0,    0) (   3,    5) (  63,   26) (  65,   33) (  85,   59) (  83,   82) (  81,   76) (  89,   88)
          (  78,   80) (  78,   82) (  81,   91) (  67,   83) ( 103,   81) ( 101,   76) (  75,   73) ( 112,  106) (  62,   85) ( 106,   81)
          (  80,   73) (  73,   75) ( 106,   85) (  98,   91) (  89,   89) (  98,   73) (  79,   87) (  79,   83) (  91,   87) (  87,   82)
          (  77,   76) (  68,   98) (  72,   86) ( 103,   81) (  91,   91) (  93,   89) (  89,   94) (  93,   90) (  83,   91) (  53,   90)
          (  81,   98) (  85,   84) ( 103,   75) (  99,   84) (  55,   87) ( 108,   85) (  79,   77) (  86,   94) (  94,   79) ( 118,  102)
          (  50,   67) (  82,   88) (  53,   74) (  88,   73) (  69,   72) ( 100,   92) (  80,   80) (  78,   84) (  70,   68) (  82,   76)
          (  82,   88) (  52,   62) ( 105,   75) (  74,   80) (  87,   76) (  64,   67) (  94,   76) (  77,   76) (  76,   77) (  91,   75)
          (  55,   82) (  75,   72) (  89,   78) (  75,   73) (  50,   70) (  86,   68) (  62,   72) (  98,   78) (  79,   81) (  63,   68)
          (  70,   56) (  80,   72) (  99,   76) (  89,   70) (  77,   87) (  87,   84) (  87,   80) (  69,   89) (  89,   98) (  64,   60)
          (  80,   99) (  60,   71) (  97,   89) (  69,   87) (  51,   66) ( 100,   80) (  74,   70) (  77,   72) (  90,   68) (  61,   77)
          (  87,   80) (  62,   84) (  53,   59) (  84,   77) (  49,   58) (  81,   65) (  46,   47) (  69,   51) (  79,   72) (  64,   60)
          (  69,   80) (  77,   46) (  66,   60) (  73,   75) (  60,   57) (  70,   62) (  76,   60) (  57,   58) (  66,   63) (  78,   64)
          (  60,   59) (  76,   52) (  75,   57) (  66,   72) (  58,   66) (  58,   59) (  66,   56) (  33,   47) (  67,   66) (  75,   50)
          (  42,   52) (  54,   55) (  52,   69) (  67,   61) (  72,   68) (  72,   55) (  45,   61) (  71,   62) (  66,   60) (  44,   60)
          (  60,   59) (  52,   61) (  51,   68) (  81,   74) (  67,   59) (  51,   70) (  52,   50) (  63,   51) (  39,   53) (  80,   60)
          (  78,   63) (  58,   55) (  42,   69) (  63,   66) (  49,   69) (  91,   78) (  52,   52) (  78,   71) (  70,   63) (  66,   45)
          (  46,   65) (  69,   64) (  53,   54) (  59,   74) (  58,   59) (  53,   59) (  58,   61) (  68,   55) (  53,   62) (  59,   49)
          (  69,   54) (  57,   66) (  54,   83) (  61,   47) (  67,   54) (  77,   78) (  29,   48) (  74,   70) (  67,   68) (  56,   60)
          (  51,   61) (  74,   59) (  50,   53) (  56,   63) (  57,   75) (  54,   62) (  49,   70) (  86,   58) (  40,   49) (  75,   68)
          (  45,   59) (  92,   79) (  46,   57) (  53,   55) (  70,   73) (  72,   47) (  55,   66) (  53,   54) (  77,   48) (  47,   51)
          (  75,   62) (  54,   56) (  65,   50) (  43,   48) (  53,   54) (  72,   69) (  50,   61) (  63,   53) (  69,   62) (  60,   64)
          (  48,   60) (  51,   64) (  84,   54) (  49,   59) (  80,   61) (  66,   59) (  54,   58) (  55,   47) (  66,   55) (  53,   67)
          (  61,   56) (  73,   63) (  56,   54) (  69,   63) (  53,   54) (  83,   59) (  51,   55) (  52,   64) (  76,   57) (  61,   53)
          (  37,   43) (  83,   74) (  71,   59) (  44,   51) (  74,   55) (  46,   67) (  82,   73) (  66,   71) (  40,   54) (  61,   66)
          (  75,   52) (  72,   68) (  50,   45) (  70,   54) (  63,   63) (  42,   70) (  74,   65) (  41,   59) (  68,   58) (  72,   82)
          (  45,   52) (  92,   51) (  53,   58) (  60,   59) (  58,   59) (  65,   54) (  69,   58) (  64,   66) (  53,   59) (  57,   60)
          (  55,   75) (  67,   78) (  47,   48) (  63,   59) (  46,   52) (  69,   68) (  59,   75) (  79,   59) (  55,   70) (  36,   58)
          (  60,   74) (  52,   55) (  66,   54) (  83,   57) (  41,   63) (  39,   65) (  65,   63) (  51,   60) (  80,   55) (  60,   66)
          (  36,   45) (  80,   61) (  67,   57) (  68,   60) (  49,   61) (  47,   54) (  72,   78) (  69,   62) (  74,   61) (  72,   68)
          (  50,   58) (  47,   57) (  61,   46) (  68,   67) (  65,   61) (  49,   56) (  68,   60) (  48,   64) (  55,   51) (  63,   58)
          (  59,   61) (  66,   47) (  74,   79) (  89,   69) (  69,   73) (  41,   64) (  81,   64) (  56,   58) (  85,   67) (  65,   69)
          (  59,   67) (  75,   67) (  50,   79) (  84,   54) (  48,   61) ( 102,   62) (  48,   60) (  62,   67) (  72,   71) (  48,   68)
          (  84,   77) (  53,   68) (  68,   74) (  64,   51) (  40,   64) ( 108,   75) (  53,   62) (  92,   74) (  52,   71) (  71,   71)
          (  81,   62) (  67,   70) (  54,   70) (  66,   69) (  64,   70) (  79,   69) (  63,   51) (  56,   59) (  42,   59) (  83,   76)
          (  59,   80) (  79,   81) (  68,   66) (  50,   76) (  84,   61) (  72,   57) (  66,   59) (  68,   60) (  67,   51) (  66,   84)
          (  79,   81) (  61,   67) (  66,   81) (  61,   85) (  56,   77) (  58,   55) (  96,   59) (  66,   63) (  75,   74) (  64,   66)
          (  81,   71) (  54,   67) (  94,   70) (  53,   73) (  81,   65) (  67,   79) (  42,   47) ( 111,   72) (  70,   67) (  64,   73)
          (  76,   65) (  52,   58) (  74,   67) (  36,   51) ( 112,   70) (  70,   62) (  56,   63) (  51,   52) (  74,   61) (  64,   69)
          (  47,   60) (  88,   84) (  86,   69) (  47,   66) (  79,   85) (  58,   64) (  61,   81) (  45,   52) (  93,   66) (  71,   73)
          (  77,   70) (  64,   67) (  57,   63) (  64,   66) ( 105,   78) (  62,   67) (  47,   59) (  89,   58) (  57,   64) (  67,   74)
          (  82,   81) (  48,   73) (  80,   79) (  77,   63) (  78,   71) (  80,   78) (  53,   62) (  60,   73) (  90,   66) (  70,   86)
          (  64,   71) (  66,   65) (  57,   70) (  64,   70) (  67,   58) (  68,   59) (  65,   63) (  75,   64) (  72,   66) (  88,   67)
          (  61,   82) (  54,   67) (  77,   73) (  81,   52) (  43,   62) (  68,   80) (  85,   84) (  49,   66) ( 109,   81) (  68,   62)
          (  76,   66) (  48,   69) (  79,   66) (  75,   64) (  45,   48) (  69,   69) (  89,   52) (  65,   65) (  56,   48) (  71,   80)
          (  76,   61) (  87,   78) (  48,   72) ( 105,   72) (  55,   61) (  49,   74) (  89,   84) (  63,   69) (  71,   78) (  69,   71)
          (  88,   54) (  65,   81) (  61,   67) (  78,   78) (  48,   68) (  70,   75) (  85,   72) (  71,   64) (  62,   46) ( 100,   73)
          (  60,   60) (  77,   84) (  64,   63) (  65,   76) (  80,   63) (  44,   68) (  90,   63) (  65,   73) (  70,   63) (  40,   74)
          (  94,   71) (  72,   69) (  73,   85) (  84,   92) (  74,   71) (  78,   68) (  70,   63) (  59,   65) (  75,   79) (  74,   71)
          (  67,   67) (  65,   72) (  60,   59) (  77,   74) (  52,   73) (  65,   54) (  81,   63) (  51,   73) (  69,   61) (  74,   73)
          (  60,   80) (  91,   62) (  51,   67) (  74,   70) (  41,   66) (  81,   71) (  84,   62) (  61,   52) (  80,   68) (  65,   70)
          (  81,   60) (  67,   68) (  82,   59) (  49,   76) (  60,   72) (  49,   67) (  80,   57) (  60,   79) (  88,   63) (  64,   79)
          (  69,   67) (  79,   72) (  47,   56) (  63,   78) (  83,   64) (  66,   70) (  58,   64) (  83,   71) (  62,   69) (  63,   55)
          (  66,   79) (  85,   63) (  53,   68) (  67,   84) (  58,   68) (  63,   75) (  79,   59) (  70,   52) (  70,   81) (  69,   68)
          (  53,   63) (  72,   64) (  83,   79) (  64,   77) (  65,   63) (  72,   67) (  50,   83) (  96,   63) (  70,   84) (  58,   77)
          (  70,   66) (  64,   67) (  66,   60) (  77,   52) (  56,   62) (  69,   68) (  69,   62) (  60,   72) (  56,   73) (  74,   58)
          (  59,   72) (  74,   61) (  40,   59) ( 100,   67) (  70,   70) (  81,   84) (  66,   80) (  58,   65) (  58,   73) (  75,   55)
          (  86,   80) (  64,   75) (  82,   69) (  62,   75) (  59,   70) (  82,   80) (  68,   58) (  82,   75) (  65,   62) (  57,   75)
          (  72,   60) (  76,   62) (  40,   65) ( 107,   88) (  51,   57) (  87,   70) (  54,   57) (  84,   63) (  41,   60) ( 104,   67)
          (  67,   74) (  60,   58) (  74,   78) (  59,   62) (  72,   73) (  64,   66) (  67,   60) (  86,   76) (  83,   77) (  56,   63)
          (  76,   73) (  32,   67) (  72,   61) (  39,   75) ( 100,   76) (  80,   84) (  57,   72) (  51,   57) (  69,   74) (  76,   60)
          (  64,   63) (  56,   76) (  67,   71) (  89,   62) (  81,   73) (  44,   58) (  84,   71) (  62,   86) (  72,   68) (  64,   68)
          (  71,   72) (  71,   74) (  44,   45) ( 101,   67) (  78,   64) (  73,   69) (  42,   67) (  72,   71) (  71,   50) (  71,   72)
          (  80,   52) (  64,   71) (  87,   76) (  65,   69) (  57,   74) (  75,   64) (  73,   73) (  69,   71) (  82,   77) (  62,   69)
          (  69,   61) (  64,   73) (  89,   74) (  50,   69) (  58,   66) (  76,   51) (  82,   54) (  74,   77) (  72,   64) (  67,   72)
          (  49,   53) (  70,   72) (  66,   68) (  84,   68) (  59,   57) (  77,   71) (  72,   62) (  61,   61) (  62,   59) (  59,   73)
          (  88,   64) (  74,   83) (  54,   59) (  83,   65) (  55,   63) (  81,   70) (  48,   59) (  77,   64) (  61,   74) (  67,   71)
          (  51,   56) (  64,   69) (  59,   74) (  68,   57) (  60,   57) (  88,   68) (  72,   75) (  56,   65) (  70,   64) (  65,   55)
          (  58,   74) (  79,   63) (  87,   72) (  63,   71) (  64,   71) (  61,   74) (  76,   62) (  62,   59) (  89,   71) (  54,   66)
          (  90,   53) (  84,   64) (  50,   53) (  83,   77) (  49,   65) (  85,   60) (  90,   74) (  30,   59) (  79,   70) (  62,   76)
          (  48,   66) (  80,   93) (  53,   60) (  66,   69) (  73,   77) (  75,   60) (  87,   67) (  65,   74) (  71,   72) (  72,   63)
         
node   8 sent_total  47536  recv_total  46840

node   9  (   0,    0) (   0,    0) (   1,    0) (   0,    0) (   2,    2) (  41,   13) (  70,   42) (  99,   78) (  87,   79) (  81,   76)
          (  91,   79) (  98,   75) (  92,   93) (  82,   77) (  75,  114) (  94,   88) (  76,   88) (  82,   70) (  85,   92) ( 106,  102)
          (  74,   95) (  68,   93) (  84,   94) (  80,   95) (  84,  105) (  73,   81) (  87,   91) (  81,   96) (  74,   80) (  82,   95)
          (  76,   78) (  70,   86) (  91,   79) (  99,   94) (  81,   93) (  73,  100) (  71,   95) ( 101,   86) (  88,   69) (  83,   89)
          (  80,   70) (  80,   89) ( 113,   97) (  84,   76) (  84,   89) (  92,   85) (  89,   92) (  82,   82) ( 111,   84) (  61,   90)
          (  82,   84) (  90,  101) (  84,   91) (  73,   73) (  52,   65) (  80,   76) (  83,   78) (  73,   84) (  93,   77) (  69,   77)
          (  69,   82) (  61,   71) (  97,   87) (  60,   71) (  79,   79) (  82,   84) (  76,   66) (  77,   80) (  95,   95) (  54,   74)
          (  83,   82) (  59,   64) (  88,   90) (  72,   76) (  53,   69) ( 117,   80) (  44,   82) (  84,   70) (  81,   89) (  59,   66)
          (  73,   74) (  70,   80) (  80,   97) (  64,   79) (  82,   80) (  66,   71) ( 107,   82) (  66,   75) (  48,   89) (  82,   65)
          (  99,   76) (  76,   72) ( 100,   73) (  46,   66) (  88,   82) (  71,   91) (  71,   82) ( 102,   76) (  56,   90) (  50,   67)
          (  89,   77) (  75,   76) (  62,   61) ( 100,   68) (  53,   66) (  72,   67) (  58,   60) (  39,   67) (  98,   76) (  56,   49)
          (  65,   72) (  39,   65) (  66,   60) (  85,   70) (  63,   67) (  86,   63) (  52,   72) (  71,   68) (  76,   71) (  61,   67)
          (  64,   64) (  60,   53) (  81,   63) (  55,   63) (  60,   59) (  45,   55) (  51,   42) (  85,   60) (  66,   61) (  79,   63)
          (  35,   71) (  70,   68) (  57,   61) (  61,   71) (  64,   49) (  43,   52) (  89,   71) (  58,   68) (  65,   70) (  65,   59)
          (  47,   52) (  76,   56) (  63,   74) (  63,   54) (  82,   62) (  62,   55) (  65,   65) (  37,   61) (  84,   74) (  56,   50)
          (  58,   53) (  78,   58) (  74,   73) (  46,   46) (  68,   60) (  65,   64) (  54,   47) (  65,   62) (  51,   58) (  62,   56)
          (  79,   76) (  35,   50) (  93,   64) (  57,   70) (  44,   47) (  59,   63) (  60,   53) (  72,   53) (  58,   81) (  67,   47)
          (  37,   61) ( 102,   82) (  43,   58) (  45,   49) (  87,   69) (  43,   61) (  56,   61) (  94,   74) (  34,   65) (  69,   60)
          (  67,   52) (  36,   69) (  56,   67) (  78,   47) (  55,   54) (  51,   67) (  61,   61) (  72,   55) (  36,   47) (  58,   56)
          (  55,   60) (  69,   54) (  68,   51) (  36,   63) (  81,   64) (  66,   58) (  49,   67) (  76,   74) (  55,   58) (  48,   68)
          (  76,   75) (  31,   58) (  88,   68) (  33,   56) (  55,   53) (  63,   54) (  72,   43) (  44,   57) (  77,   62) (  33,   59)
          (  67,   62) (  56,   71) (  45,   62) (  84,   58) (  62,   60) (  71,   73) (  71,   49) (  65,   68) (  55,   47) (  50,   59)
          (  77,   59) (  42,   71) (  87,   65) (  47,   57) (  70,   67) (  49,   43) (  75,   62) (  50,   51) (  69,   65) (  47,   62)
          (  60,   64) (  43,   47) (  59,   52) (  53,   60) (  59,   54) (  55,   56) (  43,   69) (  95,   66) (  52,   50) (  48,   59)
          (  55,   53) (  82,   62) (  47,   58) (  57,   64) (  66,   56) (  74,   61) (  60,   50) (  64,   59) (  69,   69) (  37,   56)
          (  61,   53) (  70,   73) (  41,   61) (  69,   55) (  60,   82) (  58,   54) (  75,   67) (  55,   66) (  44,   67) (  95,   63)
          (  59,   62) (  54,   79) (  65,   53) (  60,   68) (  34,   50) (  76,   53) (  69,   67) (  57,   48) (  70,   68) (  56,   56)
          (  56,   56) (  86,   76) (  61,   65) (  65,   61) (  62,   68) (  37,   46) (  57,   51) (  89,   64) (  36,   55) (  58,   63)
          (  57,   63) (  66,   74) (  64,   82) (  62,   61) (  56,   63) (  60,   70) (  60,   61) (  72,   66) (  68,   70) (  58,   44)
          (  68,   66) (  67,   70) (  55,   48) (  71,   66) (  46,   42) (  59,   67) (  53,   53) (  74,   66) (  57,   61) (  57,   51)
          (  61,   70) (  76,   55) (  60,   67) (  69,   66) (  68,   71) (  48,   75) (  62,   62) (  90,   49) (  65,   66) (  66,   53)
          (  52,   60) (  95,   79) (  66,   74) (  59,   50) (  74,   75) (  41,   52) (  85,   71) (  69,   73) (  60,   54) (  78,   63)
          (  39,   63) (  70,   69) (  71,   71) (  59,   63) (  75,   58) (  67,   58) (  57,   63) (  77,   80) (  61,   63) (  66,   59)
          (  54,   60) (  65,   80) (  50,   68) (  78,   72) (  63,   63) (  79,   61) (  49,   57) (  72,   63) (  77,   66) (  40,   62)
          ( 101,   80) (  60,   78) (  73,   61) (  55,   69) (  89,   64) (  49,   62) (  56,   69) (  81,   60) (  80,   61) (  59,   78)
          (  48,   54) (  89,   54) (  82,   52) (  54,   78) (  86,   74) (  59,   70) (  79,   65) (  62,   76) (  80,   75) (  55,   73)
          (  78,   62) (  52,   60) (  82,   69) (  72,   68) (  79,   58) (  81,   67) (  72,   63) (  58,   78) (  64,   72) (  68,   69)
          (  60,   61) (  83,   68) (  68,   62) (  55,   65) (  65,   59) (  58,   78) (  57,   64) ( 100,   73) (  37,   60) (  89,   73)
          (  65,   71) (  74,   65) (  63,   68) (  89,   78) (  51,   67) (  91,   66) (  66,   58) (  77,   61) (  48,   73) (  75,   54)
          (  84,   76) (  47,   70) (  60,   70) (  68,   67) (  87,   73) (  76,   70) (  71,   67) (  51,   63) (  67,   82) (  82,   66)
          (  58,   84) (  72,   67) (  49,   58) (  86,   59) (  52,   62) (  80,   57) (  59,   74) (  75,   58) (  76,   60) (  73,   85)
          (  50,   66) (  81,   66) (  65,   56) (  55,   76) (  69,   76) (  63,   55) (  87,   86) (  61,   66) (  77,   65) (  75,   54)
          (  61,   96) (  75,   57) (  79,   73) (  42,   57) (  90,   64) (  67,   76) (  73,   61) (  52,   53) (  71,   68) (  53,   53)
          (  51,   59) (  98,   79) (  54,   58) (  92,   78) (  68,   63) (  88,   91) (  55,   78) (  46,   88) (  73,   67) (  66,   68)
          (  87,   64) (  54,   73) (  80,   68) (  38,   65) (  76,   77) (  79,   56) (  63,   80) (  84,   73) (  68,   65) (  42,   63)
          (  91,   68) (  57,   90) (  46,   68) (  62,   59) ( 110,   78) (  56,   56) (  74,   76) (  62,   65) (  66,   70) (  57,   77)
          (  84,   74) (  72,   67) (  60,   67) (  67,   72) (  81,   79) (  64,   72) (  55,   67) (  60,   57) (  80,   73) (  69,   83)
          (  77,   59) (  62,   79) (  64,   60) (  64,   72) (  79,   76) (  53,   72) (  55,   56) (  98,   66) (  74,   65) (  68,   77)
          (  58,   59) (  79,   62) (  81,   73) (  43,   71) (  76,   71) (  59,   61) (  82,   71) (  59,   45) (  70,   71) (  75,   66)
          (  83,   74) (  60,   74) (  66,   73) (  60,   59) (  79,   79) (  38,   67) (  50,   58) (  79,   68) (  67,   55) (  79,   79)
          (  60,   74) (  75,   75) (  79,   59) (  66,   70) (  56,   63) (  65,   86) (  69,   54) (  50,   75) (  87,   56) (  62,   77)
          (  56,   57) (  45,   67) (  70,   73) (  82,   73) (  78,   76) (  45,   59) (  52,   56) (  95,   62) (  45,   57) ( 113,   65)
          (  58,   76) (  59,   53) (  73,   77) (  77,   76) (  62,   60) (  41,   66) ( 107,   73) (  78,   77) (  73,   65) (  73,   63)
          (  82,   72) (  64,   54) (  55,   70) (  72,   80) (  65,   79) (  57,   72) (  71,   62) (  74,   78) (  71,   62) (  57,   75)
          (  99,   83) (  53,   55) (  69,   79) (  58,   62) (  77,   77) (  68,   75) (  59,   65) (  98,   60) (  84,   74) (  54,   64)
          (  31,   67) (  85,   59) (  88,   68) (  74,   54) (  48,   61) (  89,   66) (  61,   65) (  71,   66) (  62,   59) (  88,   53)
          (  82,   73) (  70,   54) (  67,   59) (  58,   71) (  67,   55) (  68,   74) (  73,   53) (  59,   61) (  81,   67) (  67,   60)
          (  62,   71) (  88,   80) (  54,   66) (  70,   66) (  55,   53) (  75,   60) (  62,   59) (  52,   62) (  83,   86) (  81,   75)
          (  44,   57) (  66,   82) (  90,   78) (  69,   74) (  62,   63) (  74,   71) (  58,   62) (  75,   78) (  58,   75) (  82,   55)
          (  56,   69) (  64,   63) ( 104,   83) (  58,   65) (  63,   66) (  67,   72) (  62,   80) (  77,   53) (  80,   72) (  52,   70)
          (  65,   61) (  81,   79) (  72,   61) (  46,   50) (  73,   75) (  74,   59) (  82,   66) (  63,   71) (  67,   46) (  66,   69)
          (  65,   65) (  58,   71) (  83,   57) (  68,   65) (  55,   71) (  96,   79) (  62,   68) (  42,   77) (  74,   75) (  66,   69)
          (  66,   89) (  50,   75) (  75,   69) (  82,   74) (  79,   69) (  57,   73) (  76,   63) (  55,   63) (  71,   61) (  75,   79)
          (  53,   64) (  42,   73) (  86,   70) (  85,   72) (  73,   66) (  67,   76) (  83,   70) (  55,   76) (  73,   73) (  76,   72)
          (  56,   68) (  78,   76) (  78,   65) (  65,   53) (  56,   75) (  65,   63) (  69,   64) (  85,   67) (  58,   55) (  77,   84)
          (  57,   55) (  66,   75) (  72,   66) (  78,   55) (  66,   76) (  81,   66) (  53,   65) (  68,   60) (  72,   71) (  55,   62)
          (  74,   81) (  79,   73) (  78,   77) (  74,   60) (  47,   59) (  91,   86) (  61,   59) (  59,   82) (  89,   85) (  44,   63)
          (  70,   76) (  84,   73) (  57,   53) (  83,   72) (  69,   76) (  50,   63) (  82,   63) (  59,   78) (  81,   60) (  81,   61)
          (  71,   76) (  53,   62) (  97,   76) (  56,   67) (  66,   71) (  91,   66) (  73,   56) (  48,   56) (  83,   68) (  58,   69)
          (  80,   61) (  76,   84) (  66,   70) (  44,   69) (  68,   81) (  65,   54) (  75,   79) (  45,   62) (  93,   54) (  58,   66)
         
node   9 sent_total  47178  recv_total  47008

node  10  (   0,    0) (   0,    0) (   1,    0) (   0,    0) (   3,    5) (  83,   30) (  74,   42) ( 116,   81) (  71,   91) (  83,   98)
          (  84,   90) (  81,   76) ( 122,   95) (  64,   93) (  90,   68) ( 104,   95) (  58,   72) (  96,   90) ( 108,   94) (  70,   86)
          (  94,   79) (  80,   78) (  89,  102) (  91,   89) (  83,   97) (  91,   86) (  98,   98) (  72,   92) (  83,   83) (  74,   86)
          ( 101,   74) (  89,   78) (  47,   74) (  88,  104) ( 102,   99) (  72,   64) (  73,   84) (  69,   67) (  93,   98) ( 112,   86)
          (  65,   68) (  79,   90) (  89,   96) (  77,  102) (  95,   74) (  70,   77) (  91,   98) (  72,   87) (  94,  105) (  84,   98)
          (  96,   91) (  63,   96) (  64,   84) (  91,   64) (  98,   88) (  63,   79) (  87,   78) (  66,   86) (  59,   69) ( 108,   66)
          (  88,   76) (  63,   76) (  39,   70) (  97,   80) (  96,   76) (  59,   74) (  95,   67) (  84,   67) (  71,   80) (  98,   76)
          (  31,   72) (  99,   53) (  65,   66) (  72,   79) ( 102,   67) (  77,   61) (  79,   97) (  62,   63) (  95,   99) (  62,   65)
          (  86,   95) ( 121,   82) (  60,   84) ( 106,   81) (  58,   62) (  85,   81) ( 113,   97) (  40,   76) (  79,   72) ( 102,   74)
          (  47,   76) (  73,   64) (  92,   80) (  81,   89) (  77,   71) (  65,   71) (  80,   75) (  87,   75) (  70,   86) (  79,   83)
          (  78,   72) (  65,   75) (  87,   72) (  57,   52) (  87,   65) (  58,   56) (  57,   74) (  82,   51) (  49,   62) (  73,   48)
          (  79,   72) (  26,   49) (  81,   67) (  64,   49) (  55,   48) (  65,   49) (  88,   69) (  83,   65) (  40,   40) (  73,   64)
          (  62,   66) (  62,   58) ( 104,   58) (  76,   63) (  34,   68) (  53,   63) (  66,   61) (  77,   53) (  48,   72) (  55,   64)
          (  62,   55) (  68,   74) (  68,   60) (  72,   77) (  54,   64) (  61,   61) (  43,   64) (  58,   62) (  51,   63) (  87,   69)
          (  60,   58) (  68,   50) (  66,   64) (  62,   71) (  63,   66) (  52,   73) (  80,   55) (  66,   63) (  59,   53) (  79,   71)
          (  67,   74) (  38,   55) (  62,   60) (  81,   57) (  48,   64) (  47,   60) (  72,   55) (  61,   49) (  49,   53) (  69,   70)
          (  51,   68) (  64,   54) (  57,   55) (  38,   46) (  61,   54) (  80,   57) (  52,   50) (  81,   71) (  43,   70) (  72,   60)
          (  65,   71) (  71,   68) (  44,   48) (  81,   69) (  47,   51) (  68,   52) (  60,   59) (  62,   55) (  64,   44) (  53,   55)
          (  79,   73) (  61,   67) (  38,   49) (  71,   74) (  51,   53) (  72,   47) (  61,   75) (  32,   40) (  69,   61) (  51,   59)
          (  33,   58) (  71,   63) (  56,   59) (  74,   63) (  43,   52) (  62,   56) (  87,   78) (  55,   56) (  61,   67) (  59,   57)
          (  78,   62) (  61,   57) (  56,   64) (  58,   55) (  54,   52) (  88,   71) (  39,   55) (  74,   59) (  54,   66) (  85,   76)
          (  63,   58) (  69,   56) (  56,   71) (  81,   69) (  62,   70) (  49,   47) (  52,   53) (  71,   62) (  59,   62) (  48,   66)
          (  55,   64) (  51,   50) (  62,   61) (  66,   60) (  55,   62) (  46,   59) (  55,   48) (  71,   60) (  84,   74) (  40,   65)
          (  78,   49) (  73,   65) (  71,   60) (  45,   61) (  38,   61) (  82,   62) (  87,   60) (  31,   48) (  80,   71) (  57,   53)
          (  68,   65) (  59,   52) (  62,   67) (  75,   57) (  30,   62) (  70,   59) (  66,   53) (  77,   70) (  46,   44) (  61,   50)
          (  83,   67) (  42,   57) (  49,   73) (  71,   64) (  67,   57) (  55,   58) (  65,   52) (  54,   54) (  70,   53) (  59,   48)
          (  67,   68) (  51,   65) (  42,   53) (  66,   75) (  49,   66) (  78,   62) (  59,   55) (  69,   59) (  61,   67) (  83,   60)
          (  52,   55) (  42,   50) (  52,   51) (  82,   61) (  74,   58) (  52,   69) (  42,   48) (  71,   57) (  56,   54) (  55,   58)
          (  68,   64) (  71,   59) (  40,   62) (  80,   59) (  45,   56) (  87,   55) (  50,   66) (  50,   57) (  89,   71) (  50,   61)
          (  51,   62) (  38,   70) (  73,   53) (  52,   47) (  64,   63) (  61,   57) (  44,   57) (  70,   56) (  42,   50) (  64,   58)
          (  46,   49) (  76,   70) (  55,   56) (  68,   70) (  86,   71) (  31,   49) (  62,   64) (  59,   64) (  52,   64) (  70,   66)
          (  56,   65) ( 114,   75) (  51,   75) (  82,   72) (  39,   60) (  62,   65) (  55,   68) (  84,   64) (  66,   72) (  78,   75)
          (  83,   73) (  71,   64) (  45,   68) (  70,   69) (  80,   77) (  26,   72) (  91,   62) (  64,   80) (  66,   83) (  79,   67)
          (  65,   48) (  72,   67) (  90,   68) (  75,   74) (  41,   71) (  81,   69) (  63,   77) (  87,   64) (  71,   73) (  43,   56)
          (  82,   73) (  81,   69) (  54,   56) (  63,   73) (  83,   66) (  51,   75) (  81,   62) (  49,   62) (  99,   57) (  64,   79)
          (  66,   67) (  59,   52) (  90,   54) (  82,   64) (  82,   70) (  49,   59) (  67,   66) (  72,   64) (  66,   51) (  69,   66)
          (  74,   62) (  57,   75) (  96,   72) (  45,   80) (  80,   71) (  62,   63) (  71,   61) (  65,   65) (  74,   76) (  54,   72)
          (  71,   75) (  63,   69) (  82,   69) (  59,   58) (  71,   63) (  69,   89) (  64,   68) (  91,   72) (  76,   65) (  67,   68)
          (  56,   55) (  65,   76) (  67,   66) (  67,   59) (  78,   54) (  73,   74) (  67,   71) (  83,   61) (  24,   82) (  85,   74)
          (  76,   83) (  46,   84) (  82,   49) (  54,   58) (  73,   65) (  56,   66) (  59,   50) (  79,   65) (  78,   69) (  57,   54)
          (  50,   73) (  67,   70) (  60,   63) (  71,   72) (  80,   64) (  77,   61) (  69,   70) (  67,   61) (  51,   53) (  82,   71)
          (  62,   74) (  63,   60) (  82,   66) (  65,   83) (  35,   60) (  94,   67) (  58,   68) (  79,   68) (  56,   86) (  89,   66)
          (  72,   69) (  57,   69) (  80,   67) (  46,   51) (  81,   72) (  63,   57) (  74,   69) (  54,   63) (  73,   65) (  69,   78)
          (  72,   64) (  72,   56) (  82,   67) (  49,   78) (  90,   69) (  74,   92) (  51,   64) (  91,   65) (  54,   73) (  51,   56)
          (  68,   57) (  88,  101) (  57,   67) (  62,   51) (  82,   53) (  90,   77) (  58,   88) (  58,   64) (  75,   78) (  65,   63)
          (  70,   72) (  65,   71) (  66,   69) (  74,   78) (  59,   59) (  73,   65) (  77,   61) (  79,   80) (  73,   63) (  47,   60)
          (  74,   74) (  65,   77) (  97,   77) (  62,   64) (  73,   71) (  55,   56) (  78,   57) (  74,   71) (  51,   69) (  70,   72)
          (  72,   57) (  53,   55) (  79,   57) (  82,   70) (  48,   62) (  64,   60) (  97,   61) (  32,   59) (  84,   55) (  71,   70)
          (  63,   61) (  55,   68) (  80,   67) (  68,   67) (  65,   76) (  80,   67) (  75,   73) (  55,   51) (  55,   58) (  73,   71)
          (  63,   76) (  78,   45) (  64,   63) (  62,   62) (  64,   60) (  81,   70) (  66,   59) (  66,   72) (  54,   59) (  87,   66)
          (  42,   54) (  87,   58) (  66,   64) (  79,   71) (  64,   63) (  78,   72) (  53,   62) (  71,   73) (  62,   57) (  67,   76)
          (  63,   58) (  58,   52) (  79,   72) (  56,   69) (  82,   65) (  66,   72) (  55,   77) (  61,   68) (  78,   75) (  59,   58)
          (  56,   60) (  74,   67) (  96,   75) (  55,   69) (  62,   70) (  63,   79) (  81,   59) (  39,   59) (  92,   82) (  81,   58)
          (  42,   64) (  74,   58) (  81,   74) (  58,   46) (  53,   61) (  69,   64) (  55,   61) (  66,   55) (  67,   66) (  64,   63)
          (  63,   78) (  75,   69) (  56,   68) (  94,   60) (  61,   84) (  55,   71) (  82,   70) (  64,   79) (  89,   67) (  40,   65)
          (  93,   66) (  57,   60) (  82,   64) (  63,   62) (  87,   75) (  67,   78) (  75,   77) (  54,   49) (  67,   66) (  68,   55)
          (  65,   78) (  70,   81) (  75,   55) (  62,   77) (  60,   58) (  72,   72) (  53,   69) (  90,   69) (  49,   74) (  81,   67)
          (  61,   72) (  61,   68) (  81,   58) (  71,   60) (  42,   67) (  74,   78) (  79,   70) (  59,   71) (  62,   77) (  83,   61)
          (  51,   67) (  88,   74) (  47,   61) (  66,   75) (  91,   64) (  55,   75) (  73,   69) (  54,   63) (  55,   62) (  89,   65)
          (  70,   65) (  71,   61) (  51,   63) (  82,   63) (  69,   64) (  75,   78) (  58,   79) (  63,   74) (  72,   69) (  49,   58)
          (  85,   80) (  60,   54) (  74,   78) (  56,   65) (  59,   68) (  75,   72) (  63,   62) (  33,   65) (  79,   64) (  57,   67)
          ( 102,   81) (  48,   56) (  56,   69) (  75,   67) (  75,   75) (  73,   80) (  56,   59) (  60,   62) (  73,   61) (  79,   71)
          (  65,   58) (  80,   65) (  52,   78) (  85,   77) (  74,   66) (  89,   69) (  41,   47) (  66,   80) (  69,   67) (  56,   62)
          (  98,   51) (  81,   62) (  64,   64) (  59,   83) (  90,   58) (  47,   68) (  78,   64) (  79,   78) (  76,   65) (  71,   64)
          (  71,   77) (  95,   74) (  51,   67) (  70,   59) (  66,   73) (  88,   70) (  67,   81) (  67,   75) (  43,   60) ( 103,   60)
          (  64,   63) (  71,   77) (  77,   84) (  50,   46) (  60,   76) (  79,   73) (  57,   84) (  72,   74) (  59,   67) (  82,   72)
          (  71,   69) (  70,   71) (  72,   79) (  61,   77) (  57,   70) (  85,   77) (  59,   70) (  80,   73) (  43,   69) (  87,   78)
          (  75,   66) (  54,   61) (  87,   61) (  64,   64) (  48,   88) (  80,   69) (  57,   54) (  78,   67) (  71,   77) (  54,   66)
          (  72,   75) (  73,   67) (  60,   61) (  66,   63) (  62,   69) (  71,   67) (  59,   68) (  61,   66) (  66,   63) (  47,   66)
          (  81,   61) (  48,   61) (  77,   59) (  71,   76) (  65,   61) (  82,   75) (  63,   64) (  66,   69) (  61,   63) (  77,   82)
         
node  10 sent_total  47286  recv_total  46564

